28-Jun-2025 02:51:44.609 INFO [main] org.apache.catalina.core.StandardServer.await A valid shutdown command was received via the shutdown port. Stopping the Server instance.
28-Jun-2025 02:51:44.610 INFO [main] org.apache.coyote.AbstractProtocol.pause Pausing ProtocolHandler ["http-nio-8080"]
28-Jun-2025 02:51:44.614 INFO [main] org.apache.catalina.core.StandardService.stopInternal Stopping service [Catalina]
28-Jun-2025 02:51:44.637 INFO [main] org.apache.coyote.AbstractProtocol.stop Stopping ProtocolHandler ["http-nio-8080"]
28-Jun-2025 02:51:44.639 INFO [main] org.apache.coyote.AbstractProtocol.destroy Destroying ProtocolHandler ["http-nio-8080"]
28-Jun-2025 10:43:06.010 INFO [main] org.apache.catalina.startup.VersionLoggerListener.log Server version name:   Apache Tomcat/10.1.28
28-Jun-2025 10:43:06.011 INFO [main] org.apache.catalina.startup.VersionLoggerListener.log Server built:          Aug 2 2024 15:14:43 UTC
28-Jun-2025 10:43:06.012 INFO [main] org.apache.catalina.startup.VersionLoggerListener.log Server version number: 10.1.28.0
28-Jun-2025 10:43:06.012 INFO [main] org.apache.catalina.startup.VersionLoggerListener.log OS Name:               Mac OS X
28-Jun-2025 10:43:06.012 INFO [main] org.apache.catalina.startup.VersionLoggerListener.log OS Version:            15.5
28-Jun-2025 10:43:06.012 INFO [main] org.apache.catalina.startup.VersionLoggerListener.log Architecture:          aarch64
28-Jun-2025 10:43:06.012 INFO [main] org.apache.catalina.startup.VersionLoggerListener.log Java Home:             /opt/homebrew/Cellar/openjdk@17/17.0.14/libexec/openjdk.jdk/Contents/Home
28-Jun-2025 10:43:06.012 INFO [main] org.apache.catalina.startup.VersionLoggerListener.log JVM Version:           17.0.14+0
28-Jun-2025 10:43:06.012 INFO [main] org.apache.catalina.startup.VersionLoggerListener.log JVM Vendor:            Homebrew
28-Jun-2025 10:43:06.012 INFO [main] org.apache.catalina.startup.VersionLoggerListener.log CATALINA_BASE:         /Users/venkateswarlumarripudi/namf/apache-tomcat-10.1.28
28-Jun-2025 10:43:06.012 INFO [main] org.apache.catalina.startup.VersionLoggerListener.log CATALINA_HOME:         /Users/venkateswarlumarripudi/namf/apache-tomcat-10.1.28
28-Jun-2025 10:43:06.016 INFO [main] org.apache.catalina.startup.VersionLoggerListener.log Command line argument: -Djava.util.logging.config.file=/Users/venkateswarlumarripudi/namf/apache-tomcat-10.1.28/conf/logging.properties
28-Jun-2025 10:43:06.016 INFO [main] org.apache.catalina.startup.VersionLoggerListener.log Command line argument: -Djava.util.logging.manager=org.apache.juli.ClassLoaderLogManager
28-Jun-2025 10:43:06.016 INFO [main] org.apache.catalina.startup.VersionLoggerListener.log Command line argument: -Djdk.tls.ephemeralDHKeySize=2048
28-Jun-2025 10:43:06.016 INFO [main] org.apache.catalina.startup.VersionLoggerListener.log Command line argument: -Djava.protocol.handler.pkgs=org.apache.catalina.webresources
28-Jun-2025 10:43:06.016 INFO [main] org.apache.catalina.startup.VersionLoggerListener.log Command line argument: -Dorg.apache.catalina.security.SecurityListener.UMASK=0027
28-Jun-2025 10:43:06.016 INFO [main] org.apache.catalina.startup.VersionLoggerListener.log Command line argument: --add-opens=java.base/java.lang=ALL-UNNAMED
28-Jun-2025 10:43:06.016 INFO [main] org.apache.catalina.startup.VersionLoggerListener.log Command line argument: --add-opens=java.base/java.io=ALL-UNNAMED
28-Jun-2025 10:43:06.016 INFO [main] org.apache.catalina.startup.VersionLoggerListener.log Command line argument: --add-opens=java.base/java.util=ALL-UNNAMED
28-Jun-2025 10:43:06.016 INFO [main] org.apache.catalina.startup.VersionLoggerListener.log Command line argument: --add-opens=java.base/java.util.concurrent=ALL-UNNAMED
28-Jun-2025 10:43:06.016 INFO [main] org.apache.catalina.startup.VersionLoggerListener.log Command line argument: --add-opens=java.rmi/sun.rmi.transport=ALL-UNNAMED
28-Jun-2025 10:43:06.017 INFO [main] org.apache.catalina.startup.VersionLoggerListener.log Command line argument: -Dcatalina.base=/Users/venkateswarlumarripudi/namf/apache-tomcat-10.1.28
28-Jun-2025 10:43:06.017 INFO [main] org.apache.catalina.startup.VersionLoggerListener.log Command line argument: -Dcatalina.home=/Users/venkateswarlumarripudi/namf/apache-tomcat-10.1.28
28-Jun-2025 10:43:06.017 INFO [main] org.apache.catalina.startup.VersionLoggerListener.log Command line argument: -Djava.io.tmpdir=/Users/venkateswarlumarripudi/namf/apache-tomcat-10.1.28/temp
28-Jun-2025 10:43:06.021 INFO [main] org.apache.catalina.core.AprLifecycleListener.lifecycleEvent The Apache Tomcat Native library which allows using OpenSSL was not found on the java.library.path: [/Users/venkateswarlumarripudi/Library/Java/Extensions:/Library/Java/Extensions:/Network/Library/Java/Extensions:/System/Library/Java/Extensions:/usr/lib/java:.]
28-Jun-2025 10:43:06.120 INFO [main] org.apache.coyote.AbstractProtocol.init Initializing ProtocolHandler ["http-nio-8080"]
28-Jun-2025 10:43:06.132 INFO [main] org.apache.catalina.startup.Catalina.load Server initialization in [195] milliseconds
28-Jun-2025 10:43:06.147 INFO [main] org.apache.catalina.core.StandardService.startInternal Starting service [Catalina]
28-Jun-2025 10:43:06.147 INFO [main] org.apache.catalina.core.StandardEngine.startInternal Starting Servlet engine: [Apache Tomcat/10.1.28]
28-Jun-2025 10:43:06.152 INFO [main] org.apache.catalina.startup.HostConfig.deployWAR Deploying web application archive [/Users/venkateswarlumarripudi/namf/apache-tomcat-10.1.28/webapps/namf-communication-service-0.0.1-SNAPSHOT.war]
28-Jun-2025 10:43:06.968 INFO [main] org.apache.jasper.servlet.TldScanner.scanJars At least one JAR was scanned for TLDs yet contained no TLDs. Enable debug logging for this logger for a complete list of JARs that were scanned but no TLDs were found in them. Skipping unneeded JARs during scanning can improve startup time and JSP compilation time.
28-Jun-2025 10:43:07.989 INFO [main] org.apache.catalina.startup.HostConfig.deployWAR Deployment of web application archive [/Users/venkateswarlumarripudi/namf/apache-tomcat-10.1.28/webapps/namf-communication-service-0.0.1-SNAPSHOT.war] has finished in [1,836] ms
28-Jun-2025 10:43:07.989 INFO [main] org.apache.catalina.startup.HostConfig.deployDirectory Deploying web application directory [/Users/venkateswarlumarripudi/namf/apache-tomcat-10.1.28/webapps/docs]
28-Jun-2025 10:43:08.001 INFO [main] org.apache.jasper.servlet.TldScanner.scanJars At least one JAR was scanned for TLDs yet contained no TLDs. Enable debug logging for this logger for a complete list of JARs that were scanned but no TLDs were found in them. Skipping unneeded JARs during scanning can improve startup time and JSP compilation time.
28-Jun-2025 10:43:08.001 INFO [main] org.apache.catalina.startup.HostConfig.deployDirectory Deployment of web application directory [/Users/venkateswarlumarripudi/namf/apache-tomcat-10.1.28/webapps/docs] has finished in [12] ms
28-Jun-2025 10:43:08.001 INFO [main] org.apache.catalina.startup.HostConfig.deployDirectory Deploying web application directory [/Users/venkateswarlumarripudi/namf/apache-tomcat-10.1.28/webapps/manager]
28-Jun-2025 10:43:08.013 INFO [main] org.apache.jasper.servlet.TldScanner.scanJars At least one JAR was scanned for TLDs yet contained no TLDs. Enable debug logging for this logger for a complete list of JARs that were scanned but no TLDs were found in them. Skipping unneeded JARs during scanning can improve startup time and JSP compilation time.
28-Jun-2025 10:43:08.016 INFO [main] org.apache.catalina.startup.HostConfig.deployDirectory Deployment of web application directory [/Users/venkateswarlumarripudi/namf/apache-tomcat-10.1.28/webapps/manager] has finished in [15] ms
28-Jun-2025 10:43:08.016 INFO [main] org.apache.catalina.startup.HostConfig.deployDirectory Deploying web application directory [/Users/venkateswarlumarripudi/namf/apache-tomcat-10.1.28/webapps/examples]
28-Jun-2025 10:43:08.079 INFO [main] org.apache.jasper.servlet.TldScanner.scanJars At least one JAR was scanned for TLDs yet contained no TLDs. Enable debug logging for this logger for a complete list of JARs that were scanned but no TLDs were found in them. Skipping unneeded JARs during scanning can improve startup time and JSP compilation time.
28-Jun-2025 10:43:08.083 INFO [main] org.apache.catalina.startup.HostConfig.deployDirectory Deployment of web application directory [/Users/venkateswarlumarripudi/namf/apache-tomcat-10.1.28/webapps/examples] has finished in [67] ms
28-Jun-2025 10:43:08.083 INFO [main] org.apache.catalina.startup.HostConfig.deployDirectory Deploying web application directory [/Users/venkateswarlumarripudi/namf/apache-tomcat-10.1.28/webapps/ROOT]
28-Jun-2025 10:43:08.092 INFO [main] org.apache.jasper.servlet.TldScanner.scanJars At least one JAR was scanned for TLDs yet contained no TLDs. Enable debug logging for this logger for a complete list of JARs that were scanned but no TLDs were found in them. Skipping unneeded JARs during scanning can improve startup time and JSP compilation time.
28-Jun-2025 10:43:08.092 INFO [main] org.apache.catalina.startup.HostConfig.deployDirectory Deployment of web application directory [/Users/venkateswarlumarripudi/namf/apache-tomcat-10.1.28/webapps/ROOT] has finished in [9] ms
28-Jun-2025 10:43:08.092 INFO [main] org.apache.catalina.startup.HostConfig.deployDirectory Deploying web application directory [/Users/venkateswarlumarripudi/namf/apache-tomcat-10.1.28/webapps/host-manager]
28-Jun-2025 10:43:08.102 INFO [main] org.apache.jasper.servlet.TldScanner.scanJars At least one JAR was scanned for TLDs yet contained no TLDs. Enable debug logging for this logger for a complete list of JARs that were scanned but no TLDs were found in them. Skipping unneeded JARs during scanning can improve startup time and JSP compilation time.
28-Jun-2025 10:43:08.103 INFO [main] org.apache.catalina.startup.HostConfig.deployDirectory Deployment of web application directory [/Users/venkateswarlumarripudi/namf/apache-tomcat-10.1.28/webapps/host-manager] has finished in [11] ms
28-Jun-2025 10:43:08.104 INFO [main] org.apache.coyote.AbstractProtocol.start Starting ProtocolHandler ["http-nio-8080"]
28-Jun-2025 10:43:08.109 INFO [main] org.apache.catalina.startup.Catalina.start Server startup in [1976] milliseconds
28-Jun-2025 10:43:42.914 INFO [main] org.apache.catalina.core.StandardServer.await A valid shutdown command was received via the shutdown port. Stopping the Server instance.
28-Jun-2025 10:43:42.914 INFO [main] org.apache.coyote.AbstractProtocol.pause Pausing ProtocolHandler ["http-nio-8080"]
28-Jun-2025 10:43:42.916 INFO [main] org.apache.catalina.core.StandardService.stopInternal Stopping service [Catalina]
28-Jun-2025 10:43:42.961 SEVERE [main] org.apache.catalina.loader.WebappClassLoaderBase.checkThreadLocalMapForLeaks The web application [namf-communication-service-0.0.1-SNAPSHOT] created a ThreadLocal with key of type [java.lang.ThreadLocal] (value [java.lang.ThreadLocal@510e260d]) and a value of type [io.netty.util.internal.InternalThreadLocalMap] (value [io.netty.util.internal.InternalThreadLocalMap@4288c5a8]) but failed to remove it when the web application was stopped. Threads are going to be renewed over time to try and avoid a probable memory leak.
28-Jun-2025 10:43:42.965 INFO [main] org.apache.coyote.AbstractProtocol.stop Stopping ProtocolHandler ["http-nio-8080"]
28-Jun-2025 10:43:42.979 INFO [main] org.apache.coyote.AbstractProtocol.destroy Destroying ProtocolHandler ["http-nio-8080"]
28-Jun-2025 10:44:11.094 INFO [main] org.apache.catalina.startup.VersionLoggerListener.log Server version name:   Apache Tomcat/10.1.28
28-Jun-2025 10:44:11.095 INFO [main] org.apache.catalina.startup.VersionLoggerListener.log Server built:          Aug 2 2024 15:14:43 UTC
28-Jun-2025 10:44:11.095 INFO [main] org.apache.catalina.startup.VersionLoggerListener.log Server version number: 10.1.28.0
28-Jun-2025 10:44:11.095 INFO [main] org.apache.catalina.startup.VersionLoggerListener.log OS Name:               Mac OS X
28-Jun-2025 10:44:11.095 INFO [main] org.apache.catalina.startup.VersionLoggerListener.log OS Version:            15.5
28-Jun-2025 10:44:11.095 INFO [main] org.apache.catalina.startup.VersionLoggerListener.log Architecture:          aarch64
28-Jun-2025 10:44:11.095 INFO [main] org.apache.catalina.startup.VersionLoggerListener.log Java Home:             /opt/homebrew/Cellar/openjdk@17/17.0.14/libexec/openjdk.jdk/Contents/Home
28-Jun-2025 10:44:11.095 INFO [main] org.apache.catalina.startup.VersionLoggerListener.log JVM Version:           17.0.14+0
28-Jun-2025 10:44:11.095 INFO [main] org.apache.catalina.startup.VersionLoggerListener.log JVM Vendor:            Homebrew
28-Jun-2025 10:44:11.095 INFO [main] org.apache.catalina.startup.VersionLoggerListener.log CATALINA_BASE:         /Users/venkateswarlumarripudi/namf/apache-tomcat-10.1.28
28-Jun-2025 10:44:11.096 INFO [main] org.apache.catalina.startup.VersionLoggerListener.log CATALINA_HOME:         /Users/venkateswarlumarripudi/namf/apache-tomcat-10.1.28
28-Jun-2025 10:44:11.100 INFO [main] org.apache.catalina.startup.VersionLoggerListener.log Command line argument: -Djava.util.logging.config.file=/Users/venkateswarlumarripudi/namf/apache-tomcat-10.1.28/conf/logging.properties
28-Jun-2025 10:44:11.100 INFO [main] org.apache.catalina.startup.VersionLoggerListener.log Command line argument: -Djava.util.logging.manager=org.apache.juli.ClassLoaderLogManager
28-Jun-2025 10:44:11.100 INFO [main] org.apache.catalina.startup.VersionLoggerListener.log Command line argument: -Djdk.tls.ephemeralDHKeySize=2048
28-Jun-2025 10:44:11.100 INFO [main] org.apache.catalina.startup.VersionLoggerListener.log Command line argument: -Djava.protocol.handler.pkgs=org.apache.catalina.webresources
28-Jun-2025 10:44:11.101 INFO [main] org.apache.catalina.startup.VersionLoggerListener.log Command line argument: -Dorg.apache.catalina.security.SecurityListener.UMASK=0027
28-Jun-2025 10:44:11.101 INFO [main] org.apache.catalina.startup.VersionLoggerListener.log Command line argument: --add-opens=java.base/java.lang=ALL-UNNAMED
28-Jun-2025 10:44:11.101 INFO [main] org.apache.catalina.startup.VersionLoggerListener.log Command line argument: --add-opens=java.base/java.io=ALL-UNNAMED
28-Jun-2025 10:44:11.101 INFO [main] org.apache.catalina.startup.VersionLoggerListener.log Command line argument: --add-opens=java.base/java.util=ALL-UNNAMED
28-Jun-2025 10:44:11.101 INFO [main] org.apache.catalina.startup.VersionLoggerListener.log Command line argument: --add-opens=java.base/java.util.concurrent=ALL-UNNAMED
28-Jun-2025 10:44:11.101 INFO [main] org.apache.catalina.startup.VersionLoggerListener.log Command line argument: --add-opens=java.rmi/sun.rmi.transport=ALL-UNNAMED
28-Jun-2025 10:44:11.101 INFO [main] org.apache.catalina.startup.VersionLoggerListener.log Command line argument: -Dcatalina.base=/Users/venkateswarlumarripudi/namf/apache-tomcat-10.1.28
28-Jun-2025 10:44:11.101 INFO [main] org.apache.catalina.startup.VersionLoggerListener.log Command line argument: -Dcatalina.home=/Users/venkateswarlumarripudi/namf/apache-tomcat-10.1.28
28-Jun-2025 10:44:11.101 INFO [main] org.apache.catalina.startup.VersionLoggerListener.log Command line argument: -Djava.io.tmpdir=/Users/venkateswarlumarripudi/namf/apache-tomcat-10.1.28/temp
28-Jun-2025 10:44:11.106 INFO [main] org.apache.catalina.core.AprLifecycleListener.lifecycleEvent The Apache Tomcat Native library which allows using OpenSSL was not found on the java.library.path: [/Users/venkateswarlumarripudi/Library/Java/Extensions:/Library/Java/Extensions:/Network/Library/Java/Extensions:/System/Library/Java/Extensions:/usr/lib/java:.]
28-Jun-2025 10:44:11.202 INFO [main] org.apache.coyote.AbstractProtocol.init Initializing ProtocolHandler ["http-nio-8080"]
28-Jun-2025 10:44:11.215 INFO [main] org.apache.catalina.startup.Catalina.load Server initialization in [188] milliseconds
28-Jun-2025 10:44:11.229 INFO [main] org.apache.catalina.core.StandardService.startInternal Starting service [Catalina]
28-Jun-2025 10:44:11.229 INFO [main] org.apache.catalina.core.StandardEngine.startInternal Starting Servlet engine: [Apache Tomcat/10.1.28]
28-Jun-2025 10:44:11.235 INFO [main] org.apache.catalina.startup.HostConfig.deployWAR Deploying web application archive [/Users/venkateswarlumarripudi/namf/apache-tomcat-10.1.28/webapps/namf-communication-service.war]
28-Jun-2025 10:44:12.069 INFO [main] org.apache.jasper.servlet.TldScanner.scanJars At least one JAR was scanned for TLDs yet contained no TLDs. Enable debug logging for this logger for a complete list of JARs that were scanned but no TLDs were found in them. Skipping unneeded JARs during scanning can improve startup time and JSP compilation time.
28-Jun-2025 10:44:13.108 INFO [main] org.apache.catalina.startup.HostConfig.deployWAR Deployment of web application archive [/Users/venkateswarlumarripudi/namf/apache-tomcat-10.1.28/webapps/namf-communication-service.war] has finished in [1,873] ms
28-Jun-2025 10:44:13.108 INFO [main] org.apache.catalina.startup.HostConfig.deployDirectory Deploying web application directory [/Users/venkateswarlumarripudi/namf/apache-tomcat-10.1.28/webapps/docs]
28-Jun-2025 10:44:13.120 INFO [main] org.apache.jasper.servlet.TldScanner.scanJars At least one JAR was scanned for TLDs yet contained no TLDs. Enable debug logging for this logger for a complete list of JARs that were scanned but no TLDs were found in them. Skipping unneeded JARs during scanning can improve startup time and JSP compilation time.
28-Jun-2025 10:44:13.121 INFO [main] org.apache.catalina.startup.HostConfig.deployDirectory Deployment of web application directory [/Users/venkateswarlumarripudi/namf/apache-tomcat-10.1.28/webapps/docs] has finished in [13] ms
28-Jun-2025 10:44:13.121 INFO [main] org.apache.catalina.startup.HostConfig.deployDirectory Deploying web application directory [/Users/venkateswarlumarripudi/namf/apache-tomcat-10.1.28/webapps/manager]
28-Jun-2025 10:44:13.132 INFO [main] org.apache.jasper.servlet.TldScanner.scanJars At least one JAR was scanned for TLDs yet contained no TLDs. Enable debug logging for this logger for a complete list of JARs that were scanned but no TLDs were found in them. Skipping unneeded JARs during scanning can improve startup time and JSP compilation time.
28-Jun-2025 10:44:13.135 INFO [main] org.apache.catalina.startup.HostConfig.deployDirectory Deployment of web application directory [/Users/venkateswarlumarripudi/namf/apache-tomcat-10.1.28/webapps/manager] has finished in [14] ms
28-Jun-2025 10:44:13.135 INFO [main] org.apache.catalina.startup.HostConfig.deployDirectory Deploying web application directory [/Users/venkateswarlumarripudi/namf/apache-tomcat-10.1.28/webapps/examples]
28-Jun-2025 10:44:13.194 INFO [main] org.apache.jasper.servlet.TldScanner.scanJars At least one JAR was scanned for TLDs yet contained no TLDs. Enable debug logging for this logger for a complete list of JARs that were scanned but no TLDs were found in them. Skipping unneeded JARs during scanning can improve startup time and JSP compilation time.
28-Jun-2025 10:44:13.199 INFO [main] org.apache.catalina.startup.HostConfig.deployDirectory Deployment of web application directory [/Users/venkateswarlumarripudi/namf/apache-tomcat-10.1.28/webapps/examples] has finished in [64] ms
28-Jun-2025 10:44:13.199 INFO [main] org.apache.catalina.startup.HostConfig.deployDirectory Deploying web application directory [/Users/venkateswarlumarripudi/namf/apache-tomcat-10.1.28/webapps/ROOT]
28-Jun-2025 10:44:13.207 INFO [main] org.apache.jasper.servlet.TldScanner.scanJars At least one JAR was scanned for TLDs yet contained no TLDs. Enable debug logging for this logger for a complete list of JARs that were scanned but no TLDs were found in them. Skipping unneeded JARs during scanning can improve startup time and JSP compilation time.
28-Jun-2025 10:44:13.208 INFO [main] org.apache.catalina.startup.HostConfig.deployDirectory Deployment of web application directory [/Users/venkateswarlumarripudi/namf/apache-tomcat-10.1.28/webapps/ROOT] has finished in [9] ms
28-Jun-2025 10:44:13.208 INFO [main] org.apache.catalina.startup.HostConfig.deployDirectory Deploying web application directory [/Users/venkateswarlumarripudi/namf/apache-tomcat-10.1.28/webapps/host-manager]
28-Jun-2025 10:44:13.217 INFO [main] org.apache.jasper.servlet.TldScanner.scanJars At least one JAR was scanned for TLDs yet contained no TLDs. Enable debug logging for this logger for a complete list of JARs that were scanned but no TLDs were found in them. Skipping unneeded JARs during scanning can improve startup time and JSP compilation time.
28-Jun-2025 10:44:13.218 INFO [main] org.apache.catalina.startup.HostConfig.deployDirectory Deployment of web application directory [/Users/venkateswarlumarripudi/namf/apache-tomcat-10.1.28/webapps/host-manager] has finished in [10] ms
28-Jun-2025 10:44:13.219 INFO [main] org.apache.coyote.AbstractProtocol.start Starting ProtocolHandler ["http-nio-8080"]
28-Jun-2025 10:44:13.225 INFO [main] org.apache.catalina.startup.Catalina.start Server startup in [2010] milliseconds
28-Jun-2025 10:59:32.010 INFO [main] org.apache.catalina.core.StandardServer.await A valid shutdown command was received via the shutdown port. Stopping the Server instance.
28-Jun-2025 10:59:32.012 INFO [main] org.apache.coyote.AbstractProtocol.pause Pausing ProtocolHandler ["http-nio-8080"]
28-Jun-2025 10:59:32.015 INFO [main] org.apache.catalina.core.StandardService.stopInternal Stopping service [Catalina]
28-Jun-2025 10:59:32.067 SEVERE [main] org.apache.catalina.loader.WebappClassLoaderBase.checkThreadLocalMapForLeaks The web application [namf-communication-service] created a ThreadLocal with key of type [java.lang.ThreadLocal] (value [java.lang.ThreadLocal@69d2cffb]) and a value of type [io.netty.util.internal.InternalThreadLocalMap] (value [io.netty.util.internal.InternalThreadLocalMap@7c1ac3b]) but failed to remove it when the web application was stopped. Threads are going to be renewed over time to try and avoid a probable memory leak.
28-Jun-2025 10:59:32.072 INFO [main] org.apache.coyote.AbstractProtocol.stop Stopping ProtocolHandler ["http-nio-8080"]
28-Jun-2025 10:59:32.078 INFO [main] org.apache.coyote.AbstractProtocol.destroy Destroying ProtocolHandler ["http-nio-8080"]
28-Jun-2025 11:00:19.838 INFO [main] org.apache.catalina.startup.VersionLoggerListener.log Server version name:   Apache Tomcat/10.1.28
28-Jun-2025 11:00:19.839 INFO [main] org.apache.catalina.startup.VersionLoggerListener.log Server built:          Aug 2 2024 15:14:43 UTC
28-Jun-2025 11:00:19.839 INFO [main] org.apache.catalina.startup.VersionLoggerListener.log Server version number: 10.1.28.0
28-Jun-2025 11:00:19.839 INFO [main] org.apache.catalina.startup.VersionLoggerListener.log OS Name:               Mac OS X
28-Jun-2025 11:00:19.839 INFO [main] org.apache.catalina.startup.VersionLoggerListener.log OS Version:            15.5
28-Jun-2025 11:00:19.839 INFO [main] org.apache.catalina.startup.VersionLoggerListener.log Architecture:          aarch64
28-Jun-2025 11:00:19.839 INFO [main] org.apache.catalina.startup.VersionLoggerListener.log Java Home:             /opt/homebrew/Cellar/openjdk@17/17.0.14/libexec/openjdk.jdk/Contents/Home
28-Jun-2025 11:00:19.839 INFO [main] org.apache.catalina.startup.VersionLoggerListener.log JVM Version:           17.0.14+0
28-Jun-2025 11:00:19.839 INFO [main] org.apache.catalina.startup.VersionLoggerListener.log JVM Vendor:            Homebrew
28-Jun-2025 11:00:19.839 INFO [main] org.apache.catalina.startup.VersionLoggerListener.log CATALINA_BASE:         /Users/venkateswarlumarripudi/namf/apache-tomcat-10.1.28
28-Jun-2025 11:00:19.839 INFO [main] org.apache.catalina.startup.VersionLoggerListener.log CATALINA_HOME:         /Users/venkateswarlumarripudi/namf/apache-tomcat-10.1.28
28-Jun-2025 11:00:19.843 INFO [main] org.apache.catalina.startup.VersionLoggerListener.log Command line argument: -Djava.util.logging.config.file=/Users/venkateswarlumarripudi/namf/apache-tomcat-10.1.28/conf/logging.properties
28-Jun-2025 11:00:19.843 INFO [main] org.apache.catalina.startup.VersionLoggerListener.log Command line argument: -Djava.util.logging.manager=org.apache.juli.ClassLoaderLogManager
28-Jun-2025 11:00:19.844 INFO [main] org.apache.catalina.startup.VersionLoggerListener.log Command line argument: -Djdk.tls.ephemeralDHKeySize=2048
28-Jun-2025 11:00:19.844 INFO [main] org.apache.catalina.startup.VersionLoggerListener.log Command line argument: -Djava.protocol.handler.pkgs=org.apache.catalina.webresources
28-Jun-2025 11:00:19.844 INFO [main] org.apache.catalina.startup.VersionLoggerListener.log Command line argument: -Dorg.apache.catalina.security.SecurityListener.UMASK=0027
28-Jun-2025 11:00:19.844 INFO [main] org.apache.catalina.startup.VersionLoggerListener.log Command line argument: --add-opens=java.base/java.lang=ALL-UNNAMED
28-Jun-2025 11:00:19.844 INFO [main] org.apache.catalina.startup.VersionLoggerListener.log Command line argument: --add-opens=java.base/java.io=ALL-UNNAMED
28-Jun-2025 11:00:19.844 INFO [main] org.apache.catalina.startup.VersionLoggerListener.log Command line argument: --add-opens=java.base/java.util=ALL-UNNAMED
28-Jun-2025 11:00:19.844 INFO [main] org.apache.catalina.startup.VersionLoggerListener.log Command line argument: --add-opens=java.base/java.util.concurrent=ALL-UNNAMED
28-Jun-2025 11:00:19.844 INFO [main] org.apache.catalina.startup.VersionLoggerListener.log Command line argument: --add-opens=java.rmi/sun.rmi.transport=ALL-UNNAMED
28-Jun-2025 11:00:19.844 INFO [main] org.apache.catalina.startup.VersionLoggerListener.log Command line argument: -Dcatalina.base=/Users/venkateswarlumarripudi/namf/apache-tomcat-10.1.28
28-Jun-2025 11:00:19.844 INFO [main] org.apache.catalina.startup.VersionLoggerListener.log Command line argument: -Dcatalina.home=/Users/venkateswarlumarripudi/namf/apache-tomcat-10.1.28
28-Jun-2025 11:00:19.844 INFO [main] org.apache.catalina.startup.VersionLoggerListener.log Command line argument: -Djava.io.tmpdir=/Users/venkateswarlumarripudi/namf/apache-tomcat-10.1.28/temp
28-Jun-2025 11:00:19.848 INFO [main] org.apache.catalina.core.AprLifecycleListener.lifecycleEvent The Apache Tomcat Native library which allows using OpenSSL was not found on the java.library.path: [/Users/venkateswarlumarripudi/Library/Java/Extensions:/Library/Java/Extensions:/Network/Library/Java/Extensions:/System/Library/Java/Extensions:/usr/lib/java:.]
28-Jun-2025 11:00:19.942 INFO [main] org.apache.coyote.AbstractProtocol.init Initializing ProtocolHandler ["http-nio-8080"]
28-Jun-2025 11:00:19.954 INFO [main] org.apache.catalina.startup.Catalina.load Server initialization in [180] milliseconds
28-Jun-2025 11:00:19.967 INFO [main] org.apache.catalina.core.StandardService.startInternal Starting service [Catalina]
28-Jun-2025 11:00:19.967 INFO [main] org.apache.catalina.core.StandardEngine.startInternal Starting Servlet engine: [Apache Tomcat/10.1.28]
28-Jun-2025 11:00:19.972 INFO [main] org.apache.catalina.startup.HostConfig.deployWAR Deploying web application archive [/Users/venkateswarlumarripudi/namf/apache-tomcat-10.1.28/webapps/namf-communication-service.war]
28-Jun-2025 11:00:20.884 INFO [main] org.apache.jasper.servlet.TldScanner.scanJars At least one JAR was scanned for TLDs yet contained no TLDs. Enable debug logging for this logger for a complete list of JARs that were scanned but no TLDs were found in them. Skipping unneeded JARs during scanning can improve startup time and JSP compilation time.
28-Jun-2025 11:00:22.008 INFO [main] org.apache.catalina.startup.HostConfig.deployWAR Deployment of web application archive [/Users/venkateswarlumarripudi/namf/apache-tomcat-10.1.28/webapps/namf-communication-service.war] has finished in [2,036] ms
28-Jun-2025 11:00:22.008 INFO [main] org.apache.catalina.startup.HostConfig.deployDirectory Deploying web application directory [/Users/venkateswarlumarripudi/namf/apache-tomcat-10.1.28/webapps/docs]
28-Jun-2025 11:00:22.020 INFO [main] org.apache.jasper.servlet.TldScanner.scanJars At least one JAR was scanned for TLDs yet contained no TLDs. Enable debug logging for this logger for a complete list of JARs that were scanned but no TLDs were found in them. Skipping unneeded JARs during scanning can improve startup time and JSP compilation time.
28-Jun-2025 11:00:22.021 INFO [main] org.apache.catalina.startup.HostConfig.deployDirectory Deployment of web application directory [/Users/venkateswarlumarripudi/namf/apache-tomcat-10.1.28/webapps/docs] has finished in [13] ms
28-Jun-2025 11:00:22.021 INFO [main] org.apache.catalina.startup.HostConfig.deployDirectory Deploying web application directory [/Users/venkateswarlumarripudi/namf/apache-tomcat-10.1.28/webapps/manager]
28-Jun-2025 11:00:22.037 INFO [main] org.apache.jasper.servlet.TldScanner.scanJars At least one JAR was scanned for TLDs yet contained no TLDs. Enable debug logging for this logger for a complete list of JARs that were scanned but no TLDs were found in them. Skipping unneeded JARs during scanning can improve startup time and JSP compilation time.
28-Jun-2025 11:00:22.040 INFO [main] org.apache.catalina.startup.HostConfig.deployDirectory Deployment of web application directory [/Users/venkateswarlumarripudi/namf/apache-tomcat-10.1.28/webapps/manager] has finished in [19] ms
28-Jun-2025 11:00:22.040 INFO [main] org.apache.catalina.startup.HostConfig.deployDirectory Deploying web application directory [/Users/venkateswarlumarripudi/namf/apache-tomcat-10.1.28/webapps/examples]
28-Jun-2025 11:00:22.101 INFO [main] org.apache.jasper.servlet.TldScanner.scanJars At least one JAR was scanned for TLDs yet contained no TLDs. Enable debug logging for this logger for a complete list of JARs that were scanned but no TLDs were found in them. Skipping unneeded JARs during scanning can improve startup time and JSP compilation time.
28-Jun-2025 11:00:22.105 INFO [main] org.apache.catalina.startup.HostConfig.deployDirectory Deployment of web application directory [/Users/venkateswarlumarripudi/namf/apache-tomcat-10.1.28/webapps/examples] has finished in [65] ms
28-Jun-2025 11:00:22.105 INFO [main] org.apache.catalina.startup.HostConfig.deployDirectory Deploying web application directory [/Users/venkateswarlumarripudi/namf/apache-tomcat-10.1.28/webapps/ROOT]
28-Jun-2025 11:00:22.113 INFO [main] org.apache.jasper.servlet.TldScanner.scanJars At least one JAR was scanned for TLDs yet contained no TLDs. Enable debug logging for this logger for a complete list of JARs that were scanned but no TLDs were found in them. Skipping unneeded JARs during scanning can improve startup time and JSP compilation time.
28-Jun-2025 11:00:22.114 INFO [main] org.apache.catalina.startup.HostConfig.deployDirectory Deployment of web application directory [/Users/venkateswarlumarripudi/namf/apache-tomcat-10.1.28/webapps/ROOT] has finished in [9] ms
28-Jun-2025 11:00:22.114 INFO [main] org.apache.catalina.startup.HostConfig.deployDirectory Deploying web application directory [/Users/venkateswarlumarripudi/namf/apache-tomcat-10.1.28/webapps/host-manager]
28-Jun-2025 11:00:22.123 INFO [main] org.apache.jasper.servlet.TldScanner.scanJars At least one JAR was scanned for TLDs yet contained no TLDs. Enable debug logging for this logger for a complete list of JARs that were scanned but no TLDs were found in them. Skipping unneeded JARs during scanning can improve startup time and JSP compilation time.
28-Jun-2025 11:00:22.123 INFO [main] org.apache.catalina.startup.HostConfig.deployDirectory Deployment of web application directory [/Users/venkateswarlumarripudi/namf/apache-tomcat-10.1.28/webapps/host-manager] has finished in [9] ms
28-Jun-2025 11:00:22.124 INFO [main] org.apache.coyote.AbstractProtocol.start Starting ProtocolHandler ["http-nio-8080"]
28-Jun-2025 11:00:22.129 INFO [main] org.apache.catalina.startup.Catalina.start Server startup in [2174] milliseconds
28-Jun-2025 12:15:53.832 INFO [main] org.apache.catalina.core.StandardServer.await A valid shutdown command was received via the shutdown port. Stopping the Server instance.
28-Jun-2025 12:15:53.834 INFO [main] org.apache.coyote.AbstractProtocol.pause Pausing ProtocolHandler ["http-nio-8080"]
28-Jun-2025 12:15:53.837 INFO [main] org.apache.catalina.core.StandardService.stopInternal Stopping service [Catalina]
28-Jun-2025 12:15:55.966 SEVERE [main] org.apache.catalina.loader.WebappClassLoaderBase.checkThreadLocalMapForLeaks The web application [namf-communication-service] created a ThreadLocal with key of type [java.lang.ThreadLocal] (value [java.lang.ThreadLocal@75bd2c82]) and a value of type [io.netty.util.internal.InternalThreadLocalMap] (value [io.netty.util.internal.InternalThreadLocalMap@2ee20713]) but failed to remove it when the web application was stopped. Threads are going to be renewed over time to try and avoid a probable memory leak.
28-Jun-2025 12:15:55.967 SEVERE [main] org.apache.catalina.loader.WebappClassLoaderBase.checkThreadLocalMapForLeaks The web application [namf-communication-service] created a ThreadLocal with key of type [java.lang.ThreadLocal] (value [java.lang.ThreadLocal@75bd2c82]) and a value of type [io.netty.util.internal.InternalThreadLocalMap] (value [io.netty.util.internal.InternalThreadLocalMap@310e1ebb]) but failed to remove it when the web application was stopped. Threads are going to be renewed over time to try and avoid a probable memory leak.
28-Jun-2025 12:15:55.967 SEVERE [main] org.apache.catalina.loader.WebappClassLoaderBase.checkThreadLocalMapForLeaks The web application [namf-communication-service] created a ThreadLocal with key of type [java.lang.ThreadLocal] (value [java.lang.ThreadLocal@75bd2c82]) and a value of type [io.netty.util.internal.InternalThreadLocalMap] (value [io.netty.util.internal.InternalThreadLocalMap@63d9cd59]) but failed to remove it when the web application was stopped. Threads are going to be renewed over time to try and avoid a probable memory leak.
28-Jun-2025 12:15:55.967 SEVERE [main] org.apache.catalina.loader.WebappClassLoaderBase.checkThreadLocalMapForLeaks The web application [namf-communication-service] created a ThreadLocal with key of type [java.lang.ThreadLocal] (value [java.lang.ThreadLocal@75bd2c82]) and a value of type [io.netty.util.internal.InternalThreadLocalMap] (value [io.netty.util.internal.InternalThreadLocalMap@7f9c249c]) but failed to remove it when the web application was stopped. Threads are going to be renewed over time to try and avoid a probable memory leak.
28-Jun-2025 12:15:55.967 SEVERE [main] org.apache.catalina.loader.WebappClassLoaderBase.checkThreadLocalMapForLeaks The web application [namf-communication-service] created a ThreadLocal with key of type [java.lang.ThreadLocal] (value [java.lang.ThreadLocal@75bd2c82]) and a value of type [io.netty.util.internal.InternalThreadLocalMap] (value [io.netty.util.internal.InternalThreadLocalMap@41f87ee3]) but failed to remove it when the web application was stopped. Threads are going to be renewed over time to try and avoid a probable memory leak.
28-Jun-2025 12:15:55.975 INFO [main] org.apache.coyote.AbstractProtocol.stop Stopping ProtocolHandler ["http-nio-8080"]
28-Jun-2025 12:15:55.980 INFO [main] org.apache.coyote.AbstractProtocol.destroy Destroying ProtocolHandler ["http-nio-8080"]
28-Jun-2025 12:16:54.755 INFO [main] org.apache.catalina.startup.VersionLoggerListener.log Server version name:   Apache Tomcat/10.1.28
28-Jun-2025 12:16:54.756 INFO [main] org.apache.catalina.startup.VersionLoggerListener.log Server built:          Aug 2 2024 15:14:43 UTC
28-Jun-2025 12:16:54.756 INFO [main] org.apache.catalina.startup.VersionLoggerListener.log Server version number: 10.1.28.0
28-Jun-2025 12:16:54.756 INFO [main] org.apache.catalina.startup.VersionLoggerListener.log OS Name:               Mac OS X
28-Jun-2025 12:16:54.756 INFO [main] org.apache.catalina.startup.VersionLoggerListener.log OS Version:            15.5
28-Jun-2025 12:16:54.756 INFO [main] org.apache.catalina.startup.VersionLoggerListener.log Architecture:          aarch64
28-Jun-2025 12:16:54.756 INFO [main] org.apache.catalina.startup.VersionLoggerListener.log Java Home:             /opt/homebrew/Cellar/openjdk@17/17.0.14/libexec/openjdk.jdk/Contents/Home
28-Jun-2025 12:16:54.756 INFO [main] org.apache.catalina.startup.VersionLoggerListener.log JVM Version:           17.0.14+0
28-Jun-2025 12:16:54.756 INFO [main] org.apache.catalina.startup.VersionLoggerListener.log JVM Vendor:            Homebrew
28-Jun-2025 12:16:54.756 INFO [main] org.apache.catalina.startup.VersionLoggerListener.log CATALINA_BASE:         /Users/venkateswarlumarripudi/namf/apache-tomcat-10.1.28
28-Jun-2025 12:16:54.757 INFO [main] org.apache.catalina.startup.VersionLoggerListener.log CATALINA_HOME:         /Users/venkateswarlumarripudi/namf/apache-tomcat-10.1.28
28-Jun-2025 12:16:54.762 INFO [main] org.apache.catalina.startup.VersionLoggerListener.log Command line argument: -Djava.util.logging.config.file=/Users/venkateswarlumarripudi/namf/apache-tomcat-10.1.28/conf/logging.properties
28-Jun-2025 12:16:54.763 INFO [main] org.apache.catalina.startup.VersionLoggerListener.log Command line argument: -Djava.util.logging.manager=org.apache.juli.ClassLoaderLogManager
28-Jun-2025 12:16:54.763 INFO [main] org.apache.catalina.startup.VersionLoggerListener.log Command line argument: -Djdk.tls.ephemeralDHKeySize=2048
28-Jun-2025 12:16:54.763 INFO [main] org.apache.catalina.startup.VersionLoggerListener.log Command line argument: -Djava.protocol.handler.pkgs=org.apache.catalina.webresources
28-Jun-2025 12:16:54.763 INFO [main] org.apache.catalina.startup.VersionLoggerListener.log Command line argument: -Dorg.apache.catalina.security.SecurityListener.UMASK=0027
28-Jun-2025 12:16:54.763 INFO [main] org.apache.catalina.startup.VersionLoggerListener.log Command line argument: --add-opens=java.base/java.lang=ALL-UNNAMED
28-Jun-2025 12:16:54.763 INFO [main] org.apache.catalina.startup.VersionLoggerListener.log Command line argument: --add-opens=java.base/java.io=ALL-UNNAMED
28-Jun-2025 12:16:54.763 INFO [main] org.apache.catalina.startup.VersionLoggerListener.log Command line argument: --add-opens=java.base/java.util=ALL-UNNAMED
28-Jun-2025 12:16:54.763 INFO [main] org.apache.catalina.startup.VersionLoggerListener.log Command line argument: --add-opens=java.base/java.util.concurrent=ALL-UNNAMED
28-Jun-2025 12:16:54.763 INFO [main] org.apache.catalina.startup.VersionLoggerListener.log Command line argument: --add-opens=java.rmi/sun.rmi.transport=ALL-UNNAMED
28-Jun-2025 12:16:54.763 INFO [main] org.apache.catalina.startup.VersionLoggerListener.log Command line argument: -Dcatalina.base=/Users/venkateswarlumarripudi/namf/apache-tomcat-10.1.28
28-Jun-2025 12:16:54.763 INFO [main] org.apache.catalina.startup.VersionLoggerListener.log Command line argument: -Dcatalina.home=/Users/venkateswarlumarripudi/namf/apache-tomcat-10.1.28
28-Jun-2025 12:16:54.763 INFO [main] org.apache.catalina.startup.VersionLoggerListener.log Command line argument: -Djava.io.tmpdir=/Users/venkateswarlumarripudi/namf/apache-tomcat-10.1.28/temp
28-Jun-2025 12:16:54.773 INFO [main] org.apache.catalina.core.AprLifecycleListener.lifecycleEvent The Apache Tomcat Native library which allows using OpenSSL was not found on the java.library.path: [/Users/venkateswarlumarripudi/Library/Java/Extensions:/Library/Java/Extensions:/Network/Library/Java/Extensions:/System/Library/Java/Extensions:/usr/lib/java:.]
28-Jun-2025 12:16:54.875 INFO [main] org.apache.coyote.AbstractProtocol.init Initializing ProtocolHandler ["http-nio-8080"]
28-Jun-2025 12:16:54.888 INFO [main] org.apache.catalina.startup.Catalina.load Server initialization in [196] milliseconds
28-Jun-2025 12:16:54.902 INFO [main] org.apache.catalina.core.StandardService.startInternal Starting service [Catalina]
28-Jun-2025 12:16:54.902 INFO [main] org.apache.catalina.core.StandardEngine.startInternal Starting Servlet engine: [Apache Tomcat/10.1.28]
28-Jun-2025 12:16:54.907 INFO [main] org.apache.catalina.startup.HostConfig.deployWAR Deploying web application archive [/Users/venkateswarlumarripudi/namf/apache-tomcat-10.1.28/webapps/namf-communication-service.war]
28-Jun-2025 12:16:55.729 INFO [main] org.apache.jasper.servlet.TldScanner.scanJars At least one JAR was scanned for TLDs yet contained no TLDs. Enable debug logging for this logger for a complete list of JARs that were scanned but no TLDs were found in them. Skipping unneeded JARs during scanning can improve startup time and JSP compilation time.
28-Jun-2025 12:16:56.858 INFO [main] org.apache.catalina.startup.HostConfig.deployWAR Deployment of web application archive [/Users/venkateswarlumarripudi/namf/apache-tomcat-10.1.28/webapps/namf-communication-service.war] has finished in [1,950] ms
28-Jun-2025 12:16:56.858 INFO [main] org.apache.catalina.startup.HostConfig.deployDirectory Deploying web application directory [/Users/venkateswarlumarripudi/namf/apache-tomcat-10.1.28/webapps/docs]
28-Jun-2025 12:16:56.870 INFO [main] org.apache.jasper.servlet.TldScanner.scanJars At least one JAR was scanned for TLDs yet contained no TLDs. Enable debug logging for this logger for a complete list of JARs that were scanned but no TLDs were found in them. Skipping unneeded JARs during scanning can improve startup time and JSP compilation time.
28-Jun-2025 12:16:56.870 INFO [main] org.apache.catalina.startup.HostConfig.deployDirectory Deployment of web application directory [/Users/venkateswarlumarripudi/namf/apache-tomcat-10.1.28/webapps/docs] has finished in [12] ms
28-Jun-2025 12:16:56.870 INFO [main] org.apache.catalina.startup.HostConfig.deployDirectory Deploying web application directory [/Users/venkateswarlumarripudi/namf/apache-tomcat-10.1.28/webapps/manager]
28-Jun-2025 12:16:56.886 INFO [main] org.apache.jasper.servlet.TldScanner.scanJars At least one JAR was scanned for TLDs yet contained no TLDs. Enable debug logging for this logger for a complete list of JARs that were scanned but no TLDs were found in them. Skipping unneeded JARs during scanning can improve startup time and JSP compilation time.
28-Jun-2025 12:16:56.888 INFO [main] org.apache.catalina.startup.HostConfig.deployDirectory Deployment of web application directory [/Users/venkateswarlumarripudi/namf/apache-tomcat-10.1.28/webapps/manager] has finished in [18] ms
28-Jun-2025 12:16:56.888 INFO [main] org.apache.catalina.startup.HostConfig.deployDirectory Deploying web application directory [/Users/venkateswarlumarripudi/namf/apache-tomcat-10.1.28/webapps/examples]
28-Jun-2025 12:16:56.952 INFO [main] org.apache.jasper.servlet.TldScanner.scanJars At least one JAR was scanned for TLDs yet contained no TLDs. Enable debug logging for this logger for a complete list of JARs that were scanned but no TLDs were found in them. Skipping unneeded JARs during scanning can improve startup time and JSP compilation time.
28-Jun-2025 12:16:56.956 INFO [main] org.apache.catalina.startup.HostConfig.deployDirectory Deployment of web application directory [/Users/venkateswarlumarripudi/namf/apache-tomcat-10.1.28/webapps/examples] has finished in [68] ms
28-Jun-2025 12:16:56.956 INFO [main] org.apache.catalina.startup.HostConfig.deployDirectory Deploying web application directory [/Users/venkateswarlumarripudi/namf/apache-tomcat-10.1.28/webapps/ROOT]
28-Jun-2025 12:16:56.965 INFO [main] org.apache.jasper.servlet.TldScanner.scanJars At least one JAR was scanned for TLDs yet contained no TLDs. Enable debug logging for this logger for a complete list of JARs that were scanned but no TLDs were found in them. Skipping unneeded JARs during scanning can improve startup time and JSP compilation time.
28-Jun-2025 12:16:56.965 INFO [main] org.apache.catalina.startup.HostConfig.deployDirectory Deployment of web application directory [/Users/venkateswarlumarripudi/namf/apache-tomcat-10.1.28/webapps/ROOT] has finished in [9] ms
28-Jun-2025 12:16:56.966 INFO [main] org.apache.catalina.startup.HostConfig.deployDirectory Deploying web application directory [/Users/venkateswarlumarripudi/namf/apache-tomcat-10.1.28/webapps/host-manager]
28-Jun-2025 12:16:56.975 INFO [main] org.apache.jasper.servlet.TldScanner.scanJars At least one JAR was scanned for TLDs yet contained no TLDs. Enable debug logging for this logger for a complete list of JARs that were scanned but no TLDs were found in them. Skipping unneeded JARs during scanning can improve startup time and JSP compilation time.
28-Jun-2025 12:16:56.975 INFO [main] org.apache.catalina.startup.HostConfig.deployDirectory Deployment of web application directory [/Users/venkateswarlumarripudi/namf/apache-tomcat-10.1.28/webapps/host-manager] has finished in [9] ms
28-Jun-2025 12:16:56.977 INFO [main] org.apache.coyote.AbstractProtocol.start Starting ProtocolHandler ["http-nio-8080"]
28-Jun-2025 12:16:56.982 INFO [main] org.apache.catalina.startup.Catalina.start Server startup in [2094] milliseconds
28-Jun-2025 12:48:51.262 INFO [main] org.apache.catalina.core.StandardServer.await A valid shutdown command was received via the shutdown port. Stopping the Server instance.
28-Jun-2025 12:48:51.266 INFO [main] org.apache.coyote.AbstractProtocol.pause Pausing ProtocolHandler ["http-nio-8080"]
28-Jun-2025 12:48:51.269 INFO [main] org.apache.catalina.core.StandardService.stopInternal Stopping service [Catalina]
28-Jun-2025 12:48:53.405 SEVERE [main] org.apache.catalina.loader.WebappClassLoaderBase.checkThreadLocalMapForLeaks The web application [namf-communication-service] created a ThreadLocal with key of type [java.lang.ThreadLocal] (value [java.lang.ThreadLocal@62408c4]) and a value of type [io.netty.util.internal.InternalThreadLocalMap] (value [io.netty.util.internal.InternalThreadLocalMap@75bedaca]) but failed to remove it when the web application was stopped. Threads are going to be renewed over time to try and avoid a probable memory leak.
28-Jun-2025 12:48:53.406 SEVERE [main] org.apache.catalina.loader.WebappClassLoaderBase.checkThreadLocalMapForLeaks The web application [namf-communication-service] created a ThreadLocal with key of type [java.lang.ThreadLocal] (value [java.lang.ThreadLocal@62408c4]) and a value of type [io.netty.util.internal.InternalThreadLocalMap] (value [io.netty.util.internal.InternalThreadLocalMap@2bd8b110]) but failed to remove it when the web application was stopped. Threads are going to be renewed over time to try and avoid a probable memory leak.
28-Jun-2025 12:48:53.406 SEVERE [main] org.apache.catalina.loader.WebappClassLoaderBase.checkThreadLocalMapForLeaks The web application [namf-communication-service] created a ThreadLocal with key of type [java.lang.ThreadLocal] (value [java.lang.ThreadLocal@62408c4]) and a value of type [io.netty.util.internal.InternalThreadLocalMap] (value [io.netty.util.internal.InternalThreadLocalMap@4e457978]) but failed to remove it when the web application was stopped. Threads are going to be renewed over time to try and avoid a probable memory leak.
28-Jun-2025 12:48:53.414 INFO [main] org.apache.coyote.AbstractProtocol.stop Stopping ProtocolHandler ["http-nio-8080"]
28-Jun-2025 12:48:53.424 INFO [main] org.apache.coyote.AbstractProtocol.destroy Destroying ProtocolHandler ["http-nio-8080"]
28-Jun-2025 12:49:48.568 INFO [main] org.apache.catalina.startup.VersionLoggerListener.log Server version name:   Apache Tomcat/10.1.28
28-Jun-2025 12:49:48.569 INFO [main] org.apache.catalina.startup.VersionLoggerListener.log Server built:          Aug 2 2024 15:14:43 UTC
28-Jun-2025 12:49:48.569 INFO [main] org.apache.catalina.startup.VersionLoggerListener.log Server version number: 10.1.28.0
28-Jun-2025 12:49:48.569 INFO [main] org.apache.catalina.startup.VersionLoggerListener.log OS Name:               Mac OS X
28-Jun-2025 12:49:48.569 INFO [main] org.apache.catalina.startup.VersionLoggerListener.log OS Version:            15.5
28-Jun-2025 12:49:48.569 INFO [main] org.apache.catalina.startup.VersionLoggerListener.log Architecture:          aarch64
28-Jun-2025 12:49:48.569 INFO [main] org.apache.catalina.startup.VersionLoggerListener.log Java Home:             /opt/homebrew/Cellar/openjdk@17/17.0.14/libexec/openjdk.jdk/Contents/Home
28-Jun-2025 12:49:48.569 INFO [main] org.apache.catalina.startup.VersionLoggerListener.log JVM Version:           17.0.14+0
28-Jun-2025 12:49:48.569 INFO [main] org.apache.catalina.startup.VersionLoggerListener.log JVM Vendor:            Homebrew
28-Jun-2025 12:49:48.570 INFO [main] org.apache.catalina.startup.VersionLoggerListener.log CATALINA_BASE:         /Users/venkateswarlumarripudi/namf/apache-tomcat-10.1.28
28-Jun-2025 12:49:48.570 INFO [main] org.apache.catalina.startup.VersionLoggerListener.log CATALINA_HOME:         /Users/venkateswarlumarripudi/namf/apache-tomcat-10.1.28
28-Jun-2025 12:49:48.574 INFO [main] org.apache.catalina.startup.VersionLoggerListener.log Command line argument: -Djava.util.logging.config.file=/Users/venkateswarlumarripudi/namf/apache-tomcat-10.1.28/conf/logging.properties
28-Jun-2025 12:49:48.574 INFO [main] org.apache.catalina.startup.VersionLoggerListener.log Command line argument: -Djava.util.logging.manager=org.apache.juli.ClassLoaderLogManager
28-Jun-2025 12:49:48.574 INFO [main] org.apache.catalina.startup.VersionLoggerListener.log Command line argument: -Djdk.tls.ephemeralDHKeySize=2048
28-Jun-2025 12:49:48.574 INFO [main] org.apache.catalina.startup.VersionLoggerListener.log Command line argument: -Djava.protocol.handler.pkgs=org.apache.catalina.webresources
28-Jun-2025 12:49:48.574 INFO [main] org.apache.catalina.startup.VersionLoggerListener.log Command line argument: -Dorg.apache.catalina.security.SecurityListener.UMASK=0027
28-Jun-2025 12:49:48.574 INFO [main] org.apache.catalina.startup.VersionLoggerListener.log Command line argument: --add-opens=java.base/java.lang=ALL-UNNAMED
28-Jun-2025 12:49:48.574 INFO [main] org.apache.catalina.startup.VersionLoggerListener.log Command line argument: --add-opens=java.base/java.io=ALL-UNNAMED
28-Jun-2025 12:49:48.574 INFO [main] org.apache.catalina.startup.VersionLoggerListener.log Command line argument: --add-opens=java.base/java.util=ALL-UNNAMED
28-Jun-2025 12:49:48.574 INFO [main] org.apache.catalina.startup.VersionLoggerListener.log Command line argument: --add-opens=java.base/java.util.concurrent=ALL-UNNAMED
28-Jun-2025 12:49:48.574 INFO [main] org.apache.catalina.startup.VersionLoggerListener.log Command line argument: --add-opens=java.rmi/sun.rmi.transport=ALL-UNNAMED
28-Jun-2025 12:49:48.574 INFO [main] org.apache.catalina.startup.VersionLoggerListener.log Command line argument: -Dcatalina.base=/Users/venkateswarlumarripudi/namf/apache-tomcat-10.1.28
28-Jun-2025 12:49:48.574 INFO [main] org.apache.catalina.startup.VersionLoggerListener.log Command line argument: -Dcatalina.home=/Users/venkateswarlumarripudi/namf/apache-tomcat-10.1.28
28-Jun-2025 12:49:48.574 INFO [main] org.apache.catalina.startup.VersionLoggerListener.log Command line argument: -Djava.io.tmpdir=/Users/venkateswarlumarripudi/namf/apache-tomcat-10.1.28/temp
28-Jun-2025 12:49:48.578 INFO [main] org.apache.catalina.core.AprLifecycleListener.lifecycleEvent The Apache Tomcat Native library which allows using OpenSSL was not found on the java.library.path: [/Users/venkateswarlumarripudi/Library/Java/Extensions:/Library/Java/Extensions:/Network/Library/Java/Extensions:/System/Library/Java/Extensions:/usr/lib/java:.]
28-Jun-2025 12:49:48.672 INFO [main] org.apache.coyote.AbstractProtocol.init Initializing ProtocolHandler ["http-nio-8080"]
28-Jun-2025 12:49:48.685 INFO [main] org.apache.catalina.startup.Catalina.load Server initialization in [181] milliseconds
28-Jun-2025 12:49:48.698 INFO [main] org.apache.catalina.core.StandardService.startInternal Starting service [Catalina]
28-Jun-2025 12:49:48.698 INFO [main] org.apache.catalina.core.StandardEngine.startInternal Starting Servlet engine: [Apache Tomcat/10.1.28]
28-Jun-2025 12:49:48.703 INFO [main] org.apache.catalina.startup.HostConfig.deployWAR Deploying web application archive [/Users/venkateswarlumarripudi/namf/apache-tomcat-10.1.28/webapps/namf-communication-service.war]
28-Jun-2025 12:49:49.531 INFO [main] org.apache.jasper.servlet.TldScanner.scanJars At least one JAR was scanned for TLDs yet contained no TLDs. Enable debug logging for this logger for a complete list of JARs that were scanned but no TLDs were found in them. Skipping unneeded JARs during scanning can improve startup time and JSP compilation time.
28-Jun-2025 12:49:50.675 INFO [main] org.apache.catalina.startup.HostConfig.deployWAR Deployment of web application archive [/Users/venkateswarlumarripudi/namf/apache-tomcat-10.1.28/webapps/namf-communication-service.war] has finished in [1,972] ms
28-Jun-2025 12:49:50.675 INFO [main] org.apache.catalina.startup.HostConfig.deployDirectory Deploying web application directory [/Users/venkateswarlumarripudi/namf/apache-tomcat-10.1.28/webapps/docs]
28-Jun-2025 12:49:50.689 INFO [main] org.apache.jasper.servlet.TldScanner.scanJars At least one JAR was scanned for TLDs yet contained no TLDs. Enable debug logging for this logger for a complete list of JARs that were scanned but no TLDs were found in them. Skipping unneeded JARs during scanning can improve startup time and JSP compilation time.
28-Jun-2025 12:49:50.689 INFO [main] org.apache.catalina.startup.HostConfig.deployDirectory Deployment of web application directory [/Users/venkateswarlumarripudi/namf/apache-tomcat-10.1.28/webapps/docs] has finished in [14] ms
28-Jun-2025 12:49:50.689 INFO [main] org.apache.catalina.startup.HostConfig.deployDirectory Deploying web application directory [/Users/venkateswarlumarripudi/namf/apache-tomcat-10.1.28/webapps/manager]
28-Jun-2025 12:49:50.707 INFO [main] org.apache.jasper.servlet.TldScanner.scanJars At least one JAR was scanned for TLDs yet contained no TLDs. Enable debug logging for this logger for a complete list of JARs that were scanned but no TLDs were found in them. Skipping unneeded JARs during scanning can improve startup time and JSP compilation time.
28-Jun-2025 12:49:50.710 INFO [main] org.apache.catalina.startup.HostConfig.deployDirectory Deployment of web application directory [/Users/venkateswarlumarripudi/namf/apache-tomcat-10.1.28/webapps/manager] has finished in [21] ms
28-Jun-2025 12:49:50.710 INFO [main] org.apache.catalina.startup.HostConfig.deployDirectory Deploying web application directory [/Users/venkateswarlumarripudi/namf/apache-tomcat-10.1.28/webapps/examples]
28-Jun-2025 12:49:50.772 INFO [main] org.apache.jasper.servlet.TldScanner.scanJars At least one JAR was scanned for TLDs yet contained no TLDs. Enable debug logging for this logger for a complete list of JARs that were scanned but no TLDs were found in them. Skipping unneeded JARs during scanning can improve startup time and JSP compilation time.
28-Jun-2025 12:49:50.777 INFO [main] org.apache.catalina.startup.HostConfig.deployDirectory Deployment of web application directory [/Users/venkateswarlumarripudi/namf/apache-tomcat-10.1.28/webapps/examples] has finished in [66] ms
28-Jun-2025 12:49:50.777 INFO [main] org.apache.catalina.startup.HostConfig.deployDirectory Deploying web application directory [/Users/venkateswarlumarripudi/namf/apache-tomcat-10.1.28/webapps/ROOT]
28-Jun-2025 12:49:50.785 INFO [main] org.apache.jasper.servlet.TldScanner.scanJars At least one JAR was scanned for TLDs yet contained no TLDs. Enable debug logging for this logger for a complete list of JARs that were scanned but no TLDs were found in them. Skipping unneeded JARs during scanning can improve startup time and JSP compilation time.
28-Jun-2025 12:49:50.785 INFO [main] org.apache.catalina.startup.HostConfig.deployDirectory Deployment of web application directory [/Users/venkateswarlumarripudi/namf/apache-tomcat-10.1.28/webapps/ROOT] has finished in [8] ms
28-Jun-2025 12:49:50.786 INFO [main] org.apache.catalina.startup.HostConfig.deployDirectory Deploying web application directory [/Users/venkateswarlumarripudi/namf/apache-tomcat-10.1.28/webapps/host-manager]
28-Jun-2025 12:49:50.795 INFO [main] org.apache.jasper.servlet.TldScanner.scanJars At least one JAR was scanned for TLDs yet contained no TLDs. Enable debug logging for this logger for a complete list of JARs that were scanned but no TLDs were found in them. Skipping unneeded JARs during scanning can improve startup time and JSP compilation time.
28-Jun-2025 12:49:50.796 INFO [main] org.apache.catalina.startup.HostConfig.deployDirectory Deployment of web application directory [/Users/venkateswarlumarripudi/namf/apache-tomcat-10.1.28/webapps/host-manager] has finished in [11] ms
28-Jun-2025 12:49:50.797 INFO [main] org.apache.coyote.AbstractProtocol.start Starting ProtocolHandler ["http-nio-8080"]
28-Jun-2025 12:49:50.802 INFO [main] org.apache.catalina.startup.Catalina.start Server startup in [2116] milliseconds
