2025-06-28T12:18:01.941+05:30  INFO 3647 --- [namf-communication-service] [nio-8080-exec-2] c.n.c.s.c.NamfCommunicationController    : non-ue-n2-messages-transfer start:::::
org.springframework.web.reactive.function.client.WebClientRequestException: Failed to resolve 'amf.example.com' [A(1), AAAA(28)] and search domain query for configured domains failed as well: [cisco.com]
	at org.springframework.web.reactive.function.client.ExchangeFunctions$DefaultExchangeFunction.lambda$wrapException$9(ExchangeFunctions.java:137)
	Suppressed: The stacktrace has been enhanced by Reactor, refer to additional information below: 
Error has been observed at the following site(s):
	*__checkpoint ⇢ Request to POST https://amf.example.com/namf-comm/v1/non-ue-n2-messages/transfer [DefaultWebClient]
Original Stack Trace:
		at org.springframework.web.reactive.function.client.ExchangeFunctions$DefaultExchangeFunction.lambda$wrapException$9(ExchangeFunctions.java:137)
		at reactor.core.publisher.MonoErrorSupplied.subscribe(MonoErrorSupplied.java:55)
		at reactor.core.publisher.Mono.subscribe(Mono.java:4576)
		at reactor.core.publisher.FluxOnErrorResume$ResumeSubscriber.onError(FluxOnErrorResume.java:103)
		at reactor.core.publisher.FluxPeek$PeekSubscriber.onError(FluxPeek.java:222)
		at reactor.core.publisher.FluxPeek$PeekSubscriber.onError(FluxPeek.java:222)
		at reactor.core.publisher.FluxPeek$PeekSubscriber.onError(FluxPeek.java:222)
		at reactor.core.publisher.MonoNext$NextSubscriber.onError(MonoNext.java:93)
		at reactor.core.publisher.MonoFlatMapMany$FlatMapManyMain.onError(MonoFlatMapMany.java:205)
		at reactor.core.publisher.SerializedSubscriber.onError(SerializedSubscriber.java:124)
		at reactor.core.publisher.FluxRetryWhen$RetryWhenMainSubscriber.whenError(FluxRetryWhen.java:229)
		at reactor.core.publisher.FluxRetryWhen$RetryWhenOtherSubscriber.onError(FluxRetryWhen.java:279)
		at reactor.core.publisher.FluxContextWrite$ContextWriteSubscriber.onError(FluxContextWrite.java:121)
		at reactor.core.publisher.FluxConcatMapNoPrefetch$FluxConcatMapNoPrefetchSubscriber.maybeOnError(FluxConcatMapNoPrefetch.java:327)
		at reactor.core.publisher.FluxConcatMapNoPrefetch$FluxConcatMapNoPrefetchSubscriber.onNext(FluxConcatMapNoPrefetch.java:212)
		at reactor.core.publisher.FluxContextWrite$ContextWriteSubscriber.onNext(FluxContextWrite.java:107)
		at reactor.core.publisher.SinkManyEmitterProcessor.drain(SinkManyEmitterProcessor.java:476)
		at reactor.core.publisher.SinkManyEmitterProcessor$EmitterInner.drainParent(SinkManyEmitterProcessor.java:620)
		at reactor.core.publisher.FluxPublish$PubSubInner.request(FluxPublish.java:874)
		at reactor.core.publisher.FluxContextWrite$ContextWriteSubscriber.request(FluxContextWrite.java:136)
		at reactor.core.publisher.FluxConcatMapNoPrefetch$FluxConcatMapNoPrefetchSubscriber.request(FluxConcatMapNoPrefetch.java:337)
		at reactor.core.publisher.FluxContextWrite$ContextWriteSubscriber.request(FluxContextWrite.java:136)
		at reactor.core.publisher.Operators$DeferredSubscription.request(Operators.java:1742)
		at reactor.core.publisher.FluxRetryWhen$RetryWhenMainSubscriber.onError(FluxRetryWhen.java:196)
		at reactor.core.publisher.MonoCreate$DefaultMonoSink.error(MonoCreate.java:205)
		at reactor.netty.http.client.HttpClientConnect$MonoHttpConnect$ClientTransportSubscriber.onError(HttpClientConnect.java:325)
		at reactor.core.publisher.MonoCreate$DefaultMonoSink.error(MonoCreate.java:205)
		at reactor.netty.resources.DefaultPooledConnectionProvider$DisposableAcquire.onError(DefaultPooledConnectionProvider.java:174)
		at reactor.netty.internal.shaded.reactor.pool.AbstractPool$Borrower.fail(AbstractPool.java:479)
		at reactor.netty.internal.shaded.reactor.pool.SimpleDequePool.lambda$drainLoop$9(SimpleDequePool.java:443)
		at reactor.core.publisher.FluxDoOnEach$DoOnEachSubscriber.onError(FluxDoOnEach.java:186)
		at reactor.core.publisher.MonoCreate$DefaultMonoSink.error(MonoCreate.java:205)
		at reactor.netty.resources.DefaultPooledConnectionProvider$PooledConnectionAllocator$PooledConnectionInitializer.onError(DefaultPooledConnectionProvider.java:593)
		at reactor.core.publisher.MonoFlatMap$FlatMapMain.secondError(MonoFlatMap.java:241)
		at reactor.core.publisher.MonoFlatMap$FlatMapInner.onError(MonoFlatMap.java:315)
		at reactor.core.publisher.FluxOnErrorResume$ResumeSubscriber.onError(FluxOnErrorResume.java:106)
		at reactor.core.publisher.Operators.error(Operators.java:198)
		at reactor.core.publisher.MonoError.subscribe(MonoError.java:53)
		at reactor.core.publisher.Mono.subscribe(Mono.java:4576)
		at reactor.core.publisher.FluxOnErrorResume$ResumeSubscriber.onError(FluxOnErrorResume.java:103)
		at reactor.netty.transport.TransportConnector$MonoChannelPromise.tryFailure(TransportConnector.java:600)
		at reactor.netty.transport.TransportConnector.lambda$doResolveAndConnect$11(TransportConnector.java:376)
		at io.netty.util.concurrent.DefaultPromise.notifyListener0(DefaultPromise.java:603)
		at io.netty.util.concurrent.DefaultPromise.notifyListenersNow(DefaultPromise.java:570)
		at io.netty.util.concurrent.DefaultPromise.notifyListeners(DefaultPromise.java:505)
		at io.netty.util.concurrent.DefaultPromise.setValue0(DefaultPromise.java:649)
		at io.netty.util.concurrent.DefaultPromise.setFailure0(DefaultPromise.java:642)
		at io.netty.util.concurrent.DefaultPromise.setFailure(DefaultPromise.java:123)
		at io.netty.resolver.InetSocketAddressResolver$2.operationComplete(InetSocketAddressResolver.java:86)
		at io.netty.util.concurrent.DefaultPromise.notifyListener0(DefaultPromise.java:603)
		at io.netty.util.concurrent.DefaultPromise.notifyListeners0(DefaultPromise.java:596)
		at io.netty.util.concurrent.DefaultPromise.notifyListenersNow(DefaultPromise.java:572)
		at io.netty.util.concurrent.DefaultPromise.notifyListeners(DefaultPromise.java:505)
		at io.netty.util.concurrent.DefaultPromise.setValue0(DefaultPromise.java:649)
		at io.netty.util.concurrent.DefaultPromise.setFailure0(DefaultPromise.java:642)
		at io.netty.util.concurrent.DefaultPromise.tryFailure(DefaultPromise.java:131)
		at io.netty.resolver.dns.DnsResolveContext$1.operationComplete(DnsResolveContext.java:277)
		at io.netty.util.concurrent.DefaultPromise.notifyListener0(DefaultPromise.java:603)
		at io.netty.util.concurrent.DefaultPromise.notifyListenersNow(DefaultPromise.java:570)
		at io.netty.util.concurrent.DefaultPromise.notifyListeners(DefaultPromise.java:505)
		at io.netty.util.concurrent.DefaultPromise.setValue0(DefaultPromise.java:649)
		at io.netty.util.concurrent.DefaultPromise.setFailure0(DefaultPromise.java:642)
		at io.netty.util.concurrent.DefaultPromise.tryFailure(DefaultPromise.java:131)
		at io.netty.resolver.dns.DnsResolveContext.finishResolve(DnsResolveContext.java:1158)
		at io.netty.resolver.dns.DnsResolveContext.tryToFinishResolve(DnsResolveContext.java:1097)
		at io.netty.resolver.dns.DnsResolveContext.query(DnsResolveContext.java:455)
		at io.netty.resolver.dns.DnsResolveContext.tryToFinishResolve(DnsResolveContext.java:1055)
		at io.netty.resolver.dns.DnsResolveContext.onResponse(DnsResolveContext.java:690)
		at io.netty.resolver.dns.DnsResolveContext.access$500(DnsResolveContext.java:70)
		at io.netty.resolver.dns.DnsResolveContext$2.operationComplete(DnsResolveContext.java:513)
		at io.netty.util.concurrent.DefaultPromise.notifyListener0(DefaultPromise.java:603)
		at io.netty.util.concurrent.DefaultPromise.notifyListeners0(DefaultPromise.java:596)
		at io.netty.util.concurrent.DefaultPromise.notifyListenersNow(DefaultPromise.java:572)
		at io.netty.util.concurrent.DefaultPromise.notifyListeners(DefaultPromise.java:505)
		at io.netty.util.concurrent.DefaultPromise.setValue0(DefaultPromise.java:649)
		at io.netty.util.concurrent.DefaultPromise.setSuccess0(DefaultPromise.java:638)
		at io.netty.util.concurrent.DefaultPromise.trySuccess(DefaultPromise.java:118)
		at io.netty.resolver.dns.DnsQueryContext.trySuccess(DnsQueryContext.java:308)
		at io.netty.resolver.dns.DnsQueryContext.finishSuccess(DnsQueryContext.java:299)
		at io.netty.resolver.dns.DnsNameResolver$DnsResponseHandler.channelRead(DnsNameResolver.java:1491)
		at io.netty.channel.AbstractChannelHandlerContext.invokeChannelRead(AbstractChannelHandlerContext.java:444)
		at io.netty.channel.AbstractChannelHandlerContext.invokeChannelRead(AbstractChannelHandlerContext.java:420)
		at io.netty.channel.AbstractChannelHandlerContext.fireChannelRead(AbstractChannelHandlerContext.java:412)
		at io.netty.handler.codec.MessageToMessageDecoder.channelRead(MessageToMessageDecoder.java:107)
		at io.netty.channel.AbstractChannelHandlerContext.invokeChannelRead(AbstractChannelHandlerContext.java:444)
		at io.netty.channel.AbstractChannelHandlerContext.invokeChannelRead(AbstractChannelHandlerContext.java:420)
		at io.netty.channel.AbstractChannelHandlerContext.fireChannelRead(AbstractChannelHandlerContext.java:412)
		at io.netty.channel.DefaultChannelPipeline$HeadContext.channelRead(DefaultChannelPipeline.java:1357)
		at io.netty.channel.AbstractChannelHandlerContext.invokeChannelRead(AbstractChannelHandlerContext.java:440)
		at io.netty.channel.AbstractChannelHandlerContext.invokeChannelRead(AbstractChannelHandlerContext.java:420)
		at io.netty.channel.DefaultChannelPipeline.fireChannelRead(DefaultChannelPipeline.java:868)
		at io.netty.channel.nio.AbstractNioMessageChannel$NioMessageUnsafe.read(AbstractNioMessageChannel.java:97)
		at io.netty.channel.nio.NioEventLoop.processSelectedKey(NioEventLoop.java:796)
		at io.netty.channel.nio.NioEventLoop.processSelectedKeysOptimized(NioEventLoop.java:732)
		at io.netty.channel.nio.NioEventLoop.processSelectedKeys(NioEventLoop.java:658)
		at io.netty.channel.nio.NioEventLoop.run(NioEventLoop.java:562)
		at io.netty.util.concurrent.SingleThreadEventExecutor$4.run(SingleThreadEventExecutor.java:998)
		at io.netty.util.internal.ThreadExecutorMap$2.run(ThreadExecutorMap.java:74)
		at io.netty.util.concurrent.FastThreadLocalRunnable.run(FastThreadLocalRunnable.java:30)
		at java.base/java.lang.Thread.run(Thread.java:840)
	Suppressed: java.lang.Exception: #block terminated with an error
		at reactor.core.publisher.BlockingSingleSubscriber.blockingGet(BlockingSingleSubscriber.java:104)
		at reactor.core.publisher.Mono.block(Mono.java:1779)
		at com.namf.communication.service.service.NamfCommunicationService.nonUeMessageTransfer(NamfCommunicationService.java:42)
		at com.namf.communication.service.controller.NamfCommunicationController.nonUeTransfer(NamfCommunicationController.java:38)
		at java.base/jdk.internal.reflect.NativeMethodAccessorImpl.invoke0(Native Method)
		at java.base/jdk.internal.reflect.NativeMethodAccessorImpl.invoke(NativeMethodAccessorImpl.java:77)
		at java.base/jdk.internal.reflect.DelegatingMethodAccessorImpl.invoke(DelegatingMethodAccessorImpl.java:43)
		at java.base/java.lang.reflect.Method.invoke(Method.java:569)
		at org.springframework.web.method.support.InvocableHandlerMethod.doInvoke(InvocableHandlerMethod.java:258)
		at org.springframework.web.method.support.InvocableHandlerMethod.invokeForRequest(InvocableHandlerMethod.java:191)
		at org.springframework.web.servlet.mvc.method.annotation.ServletInvocableHandlerMethod.invokeAndHandle(ServletInvocableHandlerMethod.java:118)
		at org.springframework.web.servlet.mvc.method.annotation.RequestMappingHandlerAdapter.invokeHandlerMethod(RequestMappingHandlerAdapter.java:986)
		at org.springframework.web.servlet.mvc.method.annotation.RequestMappingHandlerAdapter.handleInternal(RequestMappingHandlerAdapter.java:891)
		at org.springframework.web.servlet.mvc.method.AbstractHandlerMethodAdapter.handle(AbstractHandlerMethodAdapter.java:87)
		at org.springframework.web.servlet.DispatcherServlet.doDispatch(DispatcherServlet.java:1089)
		at org.springframework.web.servlet.DispatcherServlet.doService(DispatcherServlet.java:979)
		at org.springframework.web.servlet.FrameworkServlet.processRequest(FrameworkServlet.java:1014)
		at org.springframework.web.servlet.FrameworkServlet.doPost(FrameworkServlet.java:914)
		at jakarta.servlet.http.HttpServlet.service(HttpServlet.java:590)
		at org.springframework.web.servlet.FrameworkServlet.service(FrameworkServlet.java:885)
		at jakarta.servlet.http.HttpServlet.service(HttpServlet.java:658)
		at org.apache.catalina.core.ApplicationFilterChain.internalDoFilter(ApplicationFilterChain.java:195)
		at org.apache.catalina.core.ApplicationFilterChain.doFilter(ApplicationFilterChain.java:140)
		at org.apache.tomcat.websocket.server.WsFilter.doFilter(WsFilter.java:51)
		at org.apache.catalina.core.ApplicationFilterChain.internalDoFilter(ApplicationFilterChain.java:164)
		at org.apache.catalina.core.ApplicationFilterChain.doFilter(ApplicationFilterChain.java:140)
		at org.springframework.web.filter.RequestContextFilter.doFilterInternal(RequestContextFilter.java:100)
		at org.springframework.web.filter.OncePerRequestFilter.doFilter(OncePerRequestFilter.java:116)
		at org.apache.catalina.core.ApplicationFilterChain.internalDoFilter(ApplicationFilterChain.java:164)
		at org.apache.catalina.core.ApplicationFilterChain.doFilter(ApplicationFilterChain.java:140)
		at org.springframework.web.filter.FormContentFilter.doFilterInternal(FormContentFilter.java:93)
		at org.springframework.web.filter.OncePerRequestFilter.doFilter(OncePerRequestFilter.java:116)
		at org.apache.catalina.core.ApplicationFilterChain.internalDoFilter(ApplicationFilterChain.java:164)
		at org.apache.catalina.core.ApplicationFilterChain.doFilter(ApplicationFilterChain.java:140)
		at org.springframework.boot.web.servlet.support.ErrorPageFilter.doFilter(ErrorPageFilter.java:124)
		at org.springframework.boot.web.servlet.support.ErrorPageFilter$1.doFilterInternal(ErrorPageFilter.java:99)
		at org.springframework.web.filter.OncePerRequestFilter.doFilter(OncePerRequestFilter.java:116)
		at org.springframework.boot.web.servlet.support.ErrorPageFilter.doFilter(ErrorPageFilter.java:117)
		at org.apache.catalina.core.ApplicationFilterChain.internalDoFilter(ApplicationFilterChain.java:164)
		at org.apache.catalina.core.ApplicationFilterChain.doFilter(ApplicationFilterChain.java:140)
		at org.springframework.web.filter.CharacterEncodingFilter.doFilterInternal(CharacterEncodingFilter.java:201)
		at org.springframework.web.filter.OncePerRequestFilter.doFilter(OncePerRequestFilter.java:116)
		at org.apache.catalina.core.ApplicationFilterChain.internalDoFilter(ApplicationFilterChain.java:164)
		at org.apache.catalina.core.ApplicationFilterChain.doFilter(ApplicationFilterChain.java:140)
		at org.apache.catalina.core.StandardWrapperValve.invoke(StandardWrapperValve.java:167)
		at org.apache.catalina.core.StandardContextValve.invoke(StandardContextValve.java:90)
		at org.apache.catalina.authenticator.AuthenticatorBase.invoke(AuthenticatorBase.java:483)
		at org.apache.catalina.core.StandardHostValve.invoke(StandardHostValve.java:115)
		at org.apache.catalina.valves.ErrorReportValve.invoke(ErrorReportValve.java:93)
		at org.apache.catalina.valves.AbstractAccessLogValve.invoke(AbstractAccessLogValve.java:663)
		at org.apache.catalina.core.StandardEngineValve.invoke(StandardEngineValve.java:74)
		at org.apache.catalina.connector.CoyoteAdapter.service(CoyoteAdapter.java:344)
		at org.apache.coyote.http11.Http11Processor.service(Http11Processor.java:384)
		at org.apache.coyote.AbstractProcessorLight.process(AbstractProcessorLight.java:63)
		at org.apache.coyote.AbstractProtocol$ConnectionHandler.process(AbstractProtocol.java:904)
		at org.apache.tomcat.util.net.NioEndpoint$SocketProcessor.doRun(NioEndpoint.java:1741)
		at org.apache.tomcat.util.net.SocketProcessorBase.run(SocketProcessorBase.java:52)
		at org.apache.tomcat.util.threads.ThreadPoolExecutor.runWorker(ThreadPoolExecutor.java:1190)
		at org.apache.tomcat.util.threads.ThreadPoolExecutor$Worker.run(ThreadPoolExecutor.java:659)
		at org.apache.tomcat.util.threads.TaskThread$WrappingRunnable.run(TaskThread.java:63)
		at java.base/java.lang.Thread.run(Thread.java:840)
Caused by: io.netty.resolver.dns.DnsResolveContext$SearchDomainUnknownHostException: Failed to resolve 'amf.example.com' [A(1), AAAA(28)] and search domain query for configured domains failed as well: [cisco.com]
	at io.netty.resolver.dns.DnsResolveContext.finishResolve(DnsResolveContext.java:1150)
	at io.netty.resolver.dns.DnsResolveContext.tryToFinishResolve(DnsResolveContext.java:1097)
	at io.netty.resolver.dns.DnsResolveContext.query(DnsResolveContext.java:455)
	at io.netty.resolver.dns.DnsResolveContext.tryToFinishResolve(DnsResolveContext.java:1055)
	at io.netty.resolver.dns.DnsResolveContext.onResponse(DnsResolveContext.java:690)
	at io.netty.resolver.dns.DnsResolveContext.access$500(DnsResolveContext.java:70)
	at io.netty.resolver.dns.DnsResolveContext$2.operationComplete(DnsResolveContext.java:513)
	at io.netty.util.concurrent.DefaultPromise.notifyListener0(DefaultPromise.java:603)
	at io.netty.util.concurrent.DefaultPromise.notifyListeners0(DefaultPromise.java:596)
	at io.netty.util.concurrent.DefaultPromise.notifyListenersNow(DefaultPromise.java:572)
	at io.netty.util.concurrent.DefaultPromise.notifyListeners(DefaultPromise.java:505)
	at io.netty.util.concurrent.DefaultPromise.setValue0(DefaultPromise.java:649)
	at io.netty.util.concurrent.DefaultPromise.setSuccess0(DefaultPromise.java:638)
	at io.netty.util.concurrent.DefaultPromise.trySuccess(DefaultPromise.java:118)
	at io.netty.resolver.dns.DnsQueryContext.trySuccess(DnsQueryContext.java:308)
	at io.netty.resolver.dns.DnsQueryContext.finishSuccess(DnsQueryContext.java:299)
	at io.netty.resolver.dns.DnsNameResolver$DnsResponseHandler.channelRead(DnsNameResolver.java:1491)
	at io.netty.channel.AbstractChannelHandlerContext.invokeChannelRead(AbstractChannelHandlerContext.java:444)
	at io.netty.channel.AbstractChannelHandlerContext.invokeChannelRead(AbstractChannelHandlerContext.java:420)
	at io.netty.channel.AbstractChannelHandlerContext.fireChannelRead(AbstractChannelHandlerContext.java:412)
	at io.netty.handler.codec.MessageToMessageDecoder.channelRead(MessageToMessageDecoder.java:107)
	at io.netty.channel.AbstractChannelHandlerContext.invokeChannelRead(AbstractChannelHandlerContext.java:444)
	at io.netty.channel.AbstractChannelHandlerContext.invokeChannelRead(AbstractChannelHandlerContext.java:420)
	at io.netty.channel.AbstractChannelHandlerContext.fireChannelRead(AbstractChannelHandlerContext.java:412)
	at io.netty.channel.DefaultChannelPipeline$HeadContext.channelRead(DefaultChannelPipeline.java:1357)
	at io.netty.channel.AbstractChannelHandlerContext.invokeChannelRead(AbstractChannelHandlerContext.java:440)
	at io.netty.channel.AbstractChannelHandlerContext.invokeChannelRead(AbstractChannelHandlerContext.java:420)
	at io.netty.channel.DefaultChannelPipeline.fireChannelRead(DefaultChannelPipeline.java:868)
	at io.netty.channel.nio.AbstractNioMessageChannel$NioMessageUnsafe.read(AbstractNioMessageChannel.java:97)
	at io.netty.channel.nio.NioEventLoop.processSelectedKey(NioEventLoop.java:796)
	at io.netty.channel.nio.NioEventLoop.processSelectedKeysOptimized(NioEventLoop.java:732)
	at io.netty.channel.nio.NioEventLoop.processSelectedKeys(NioEventLoop.java:658)
	at io.netty.channel.nio.NioEventLoop.run(NioEventLoop.java:562)
	at io.netty.util.concurrent.SingleThreadEventExecutor$4.run(SingleThreadEventExecutor.java:998)
	at io.netty.util.internal.ThreadExecutorMap$2.run(ThreadExecutorMap.java:74)
	at io.netty.util.concurrent.FastThreadLocalRunnable.run(FastThreadLocalRunnable.java:30)
	at java.base/java.lang.Thread.run(Thread.java:840)
Caused by: io.netty.resolver.dns.DnsErrorCauseException: Query failed with NXDOMAIN
	at io.netty.resolver.dns.DnsResolveContext.onResponse(..)(Unknown Source)
28-Jun-2025 12:48:51.262 INFO [main] org.apache.catalina.core.StandardServer.await A valid shutdown command was received via the shutdown port. Stopping the Server instance.
28-Jun-2025 12:48:51.266 INFO [main] org.apache.coyote.AbstractProtocol.pause Pausing ProtocolHandler ["http-nio-8080"]
28-Jun-2025 12:48:51.269 INFO [main] org.apache.catalina.core.StandardService.stopInternal Stopping service [Catalina]
28-Jun-2025 12:48:53.405 SEVERE [main] org.apache.catalina.loader.WebappClassLoaderBase.checkThreadLocalMapForLeaks The web application [namf-communication-service] created a ThreadLocal with key of type [java.lang.ThreadLocal] (value [java.lang.ThreadLocal@62408c4]) and a value of type [io.netty.util.internal.InternalThreadLocalMap] (value [io.netty.util.internal.InternalThreadLocalMap@75bedaca]) but failed to remove it when the web application was stopped. Threads are going to be renewed over time to try and avoid a probable memory leak.
28-Jun-2025 12:48:53.406 SEVERE [main] org.apache.catalina.loader.WebappClassLoaderBase.checkThreadLocalMapForLeaks The web application [namf-communication-service] created a ThreadLocal with key of type [java.lang.ThreadLocal] (value [java.lang.ThreadLocal@62408c4]) and a value of type [io.netty.util.internal.InternalThreadLocalMap] (value [io.netty.util.internal.InternalThreadLocalMap@2bd8b110]) but failed to remove it when the web application was stopped. Threads are going to be renewed over time to try and avoid a probable memory leak.
28-Jun-2025 12:48:53.406 SEVERE [main] org.apache.catalina.loader.WebappClassLoaderBase.checkThreadLocalMapForLeaks The web application [namf-communication-service] created a ThreadLocal with key of type [java.lang.ThreadLocal] (value [java.lang.ThreadLocal@62408c4]) and a value of type [io.netty.util.internal.InternalThreadLocalMap] (value [io.netty.util.internal.InternalThreadLocalMap@4e457978]) but failed to remove it when the web application was stopped. Threads are going to be renewed over time to try and avoid a probable memory leak.
28-Jun-2025 12:48:53.414 INFO [main] org.apache.coyote.AbstractProtocol.stop Stopping ProtocolHandler ["http-nio-8080"]
28-Jun-2025 12:48:53.424 INFO [main] org.apache.coyote.AbstractProtocol.destroy Destroying ProtocolHandler ["http-nio-8080"]
28-Jun-2025 12:49:48.568 INFO [main] org.apache.catalina.startup.VersionLoggerListener.log Server version name:   Apache Tomcat/10.1.28
28-Jun-2025 12:49:48.569 INFO [main] org.apache.catalina.startup.VersionLoggerListener.log Server built:          Aug 2 2024 15:14:43 UTC
28-Jun-2025 12:49:48.569 INFO [main] org.apache.catalina.startup.VersionLoggerListener.log Server version number: 10.1.28.0
28-Jun-2025 12:49:48.569 INFO [main] org.apache.catalina.startup.VersionLoggerListener.log OS Name:               Mac OS X
28-Jun-2025 12:49:48.569 INFO [main] org.apache.catalina.startup.VersionLoggerListener.log OS Version:            15.5
28-Jun-2025 12:49:48.569 INFO [main] org.apache.catalina.startup.VersionLoggerListener.log Architecture:          aarch64
28-Jun-2025 12:49:48.569 INFO [main] org.apache.catalina.startup.VersionLoggerListener.log Java Home:             /opt/homebrew/Cellar/openjdk@17/17.0.14/libexec/openjdk.jdk/Contents/Home
28-Jun-2025 12:49:48.569 INFO [main] org.apache.catalina.startup.VersionLoggerListener.log JVM Version:           17.0.14+0
28-Jun-2025 12:49:48.569 INFO [main] org.apache.catalina.startup.VersionLoggerListener.log JVM Vendor:            Homebrew
28-Jun-2025 12:49:48.570 INFO [main] org.apache.catalina.startup.VersionLoggerListener.log CATALINA_BASE:         /Users/venkateswarlumarripudi/namf/apache-tomcat-10.1.28
28-Jun-2025 12:49:48.570 INFO [main] org.apache.catalina.startup.VersionLoggerListener.log CATALINA_HOME:         /Users/venkateswarlumarripudi/namf/apache-tomcat-10.1.28
28-Jun-2025 12:49:48.574 INFO [main] org.apache.catalina.startup.VersionLoggerListener.log Command line argument: -Djava.util.logging.config.file=/Users/venkateswarlumarripudi/namf/apache-tomcat-10.1.28/conf/logging.properties
28-Jun-2025 12:49:48.574 INFO [main] org.apache.catalina.startup.VersionLoggerListener.log Command line argument: -Djava.util.logging.manager=org.apache.juli.ClassLoaderLogManager
28-Jun-2025 12:49:48.574 INFO [main] org.apache.catalina.startup.VersionLoggerListener.log Command line argument: -Djdk.tls.ephemeralDHKeySize=2048
28-Jun-2025 12:49:48.574 INFO [main] org.apache.catalina.startup.VersionLoggerListener.log Command line argument: -Djava.protocol.handler.pkgs=org.apache.catalina.webresources
28-Jun-2025 12:49:48.574 INFO [main] org.apache.catalina.startup.VersionLoggerListener.log Command line argument: -Dorg.apache.catalina.security.SecurityListener.UMASK=0027
28-Jun-2025 12:49:48.574 INFO [main] org.apache.catalina.startup.VersionLoggerListener.log Command line argument: --add-opens=java.base/java.lang=ALL-UNNAMED
28-Jun-2025 12:49:48.574 INFO [main] org.apache.catalina.startup.VersionLoggerListener.log Command line argument: --add-opens=java.base/java.io=ALL-UNNAMED
28-Jun-2025 12:49:48.574 INFO [main] org.apache.catalina.startup.VersionLoggerListener.log Command line argument: --add-opens=java.base/java.util=ALL-UNNAMED
28-Jun-2025 12:49:48.574 INFO [main] org.apache.catalina.startup.VersionLoggerListener.log Command line argument: --add-opens=java.base/java.util.concurrent=ALL-UNNAMED
28-Jun-2025 12:49:48.574 INFO [main] org.apache.catalina.startup.VersionLoggerListener.log Command line argument: --add-opens=java.rmi/sun.rmi.transport=ALL-UNNAMED
28-Jun-2025 12:49:48.574 INFO [main] org.apache.catalina.startup.VersionLoggerListener.log Command line argument: -Dcatalina.base=/Users/venkateswarlumarripudi/namf/apache-tomcat-10.1.28
28-Jun-2025 12:49:48.574 INFO [main] org.apache.catalina.startup.VersionLoggerListener.log Command line argument: -Dcatalina.home=/Users/venkateswarlumarripudi/namf/apache-tomcat-10.1.28
28-Jun-2025 12:49:48.574 INFO [main] org.apache.catalina.startup.VersionLoggerListener.log Command line argument: -Djava.io.tmpdir=/Users/venkateswarlumarripudi/namf/apache-tomcat-10.1.28/temp
28-Jun-2025 12:49:48.578 INFO [main] org.apache.catalina.core.AprLifecycleListener.lifecycleEvent The Apache Tomcat Native library which allows using OpenSSL was not found on the java.library.path: [/Users/venkateswarlumarripudi/Library/Java/Extensions:/Library/Java/Extensions:/Network/Library/Java/Extensions:/System/Library/Java/Extensions:/usr/lib/java:.]
28-Jun-2025 12:49:48.672 INFO [main] org.apache.coyote.AbstractProtocol.init Initializing ProtocolHandler ["http-nio-8080"]
28-Jun-2025 12:49:48.685 INFO [main] org.apache.catalina.startup.Catalina.load Server initialization in [181] milliseconds
28-Jun-2025 12:49:48.698 INFO [main] org.apache.catalina.core.StandardService.startInternal Starting service [Catalina]
28-Jun-2025 12:49:48.698 INFO [main] org.apache.catalina.core.StandardEngine.startInternal Starting Servlet engine: [Apache Tomcat/10.1.28]
28-Jun-2025 12:49:48.703 INFO [main] org.apache.catalina.startup.HostConfig.deployWAR Deploying web application archive [/Users/venkateswarlumarripudi/namf/apache-tomcat-10.1.28/webapps/namf-communication-service.war]
28-Jun-2025 12:49:49.531 INFO [main] org.apache.jasper.servlet.TldScanner.scanJars At least one JAR was scanned for TLDs yet contained no TLDs. Enable debug logging for this logger for a complete list of JARs that were scanned but no TLDs were found in them. Skipping unneeded JARs during scanning can improve startup time and JSP compilation time.

  .   ____          _            __ _ _
 /\\ / ___'_ __ _ _(_)_ __  __ _ \ \ \ \
( ( )\___ | '_ | '_| | '_ \/ _` | \ \ \ \
 \\/  ___)| |_)| | | | | || (_| |  ) ) ) )
  '  |____| .__|_| |_|_| |_\__, | / / / /
 =========|_|==============|___/=/_/_/_/

 :: Spring Boot ::                (v3.5.3)

2025-06-28T12:49:49.792+05:30  INFO 11882 --- [namf-communication-service] [           main] c.n.c.service.ServletInitializer         : Starting ServletInitializer v0.0.1-SNAPSHOT using Java 17.0.14 with PID 11882 (/Users/venkateswarlumarripudi/namf/apache-tomcat-10.1.28/webapps/namf-communication-service/WEB-INF/classes started by venkateswarlumarripudi in /Users/venkateswarlumarripudi/namf/apache-tomcat-10.1.28/bin)
2025-06-28T12:49:49.794+05:30  INFO 11882 --- [namf-communication-service] [           main] c.n.c.service.ServletInitializer         : No active profile set, falling back to 1 default profile: "default"
2025-06-28T12:49:50.202+05:30  INFO 11882 --- [namf-communication-service] [           main] w.s.c.ServletWebServerApplicationContext : Root WebApplicationContext: initialization completed in 386 ms
2025-06-28T12:49:50.659+05:30  INFO 11882 --- [namf-communication-service] [           main] c.n.c.service.ServletInitializer         : Started ServletInitializer in 1.058 seconds (process running for 2.272)
28-Jun-2025 12:49:50.675 INFO [main] org.apache.catalina.startup.HostConfig.deployWAR Deployment of web application archive [/Users/venkateswarlumarripudi/namf/apache-tomcat-10.1.28/webapps/namf-communication-service.war] has finished in [1,972] ms
28-Jun-2025 12:49:50.675 INFO [main] org.apache.catalina.startup.HostConfig.deployDirectory Deploying web application directory [/Users/venkateswarlumarripudi/namf/apache-tomcat-10.1.28/webapps/docs]
28-Jun-2025 12:49:50.689 INFO [main] org.apache.jasper.servlet.TldScanner.scanJars At least one JAR was scanned for TLDs yet contained no TLDs. Enable debug logging for this logger for a complete list of JARs that were scanned but no TLDs were found in them. Skipping unneeded JARs during scanning can improve startup time and JSP compilation time.
28-Jun-2025 12:49:50.689 INFO [main] org.apache.catalina.startup.HostConfig.deployDirectory Deployment of web application directory [/Users/venkateswarlumarripudi/namf/apache-tomcat-10.1.28/webapps/docs] has finished in [14] ms
28-Jun-2025 12:49:50.689 INFO [main] org.apache.catalina.startup.HostConfig.deployDirectory Deploying web application directory [/Users/venkateswarlumarripudi/namf/apache-tomcat-10.1.28/webapps/manager]
28-Jun-2025 12:49:50.707 INFO [main] org.apache.jasper.servlet.TldScanner.scanJars At least one JAR was scanned for TLDs yet contained no TLDs. Enable debug logging for this logger for a complete list of JARs that were scanned but no TLDs were found in them. Skipping unneeded JARs during scanning can improve startup time and JSP compilation time.
28-Jun-2025 12:49:50.710 INFO [main] org.apache.catalina.startup.HostConfig.deployDirectory Deployment of web application directory [/Users/venkateswarlumarripudi/namf/apache-tomcat-10.1.28/webapps/manager] has finished in [21] ms
28-Jun-2025 12:49:50.710 INFO [main] org.apache.catalina.startup.HostConfig.deployDirectory Deploying web application directory [/Users/venkateswarlumarripudi/namf/apache-tomcat-10.1.28/webapps/examples]
28-Jun-2025 12:49:50.772 INFO [main] org.apache.jasper.servlet.TldScanner.scanJars At least one JAR was scanned for TLDs yet contained no TLDs. Enable debug logging for this logger for a complete list of JARs that were scanned but no TLDs were found in them. Skipping unneeded JARs during scanning can improve startup time and JSP compilation time.
28-Jun-2025 12:49:50.777 INFO [main] org.apache.catalina.startup.HostConfig.deployDirectory Deployment of web application directory [/Users/venkateswarlumarripudi/namf/apache-tomcat-10.1.28/webapps/examples] has finished in [66] ms
28-Jun-2025 12:49:50.777 INFO [main] org.apache.catalina.startup.HostConfig.deployDirectory Deploying web application directory [/Users/venkateswarlumarripudi/namf/apache-tomcat-10.1.28/webapps/ROOT]
28-Jun-2025 12:49:50.785 INFO [main] org.apache.jasper.servlet.TldScanner.scanJars At least one JAR was scanned for TLDs yet contained no TLDs. Enable debug logging for this logger for a complete list of JARs that were scanned but no TLDs were found in them. Skipping unneeded JARs during scanning can improve startup time and JSP compilation time.
28-Jun-2025 12:49:50.785 INFO [main] org.apache.catalina.startup.HostConfig.deployDirectory Deployment of web application directory [/Users/venkateswarlumarripudi/namf/apache-tomcat-10.1.28/webapps/ROOT] has finished in [8] ms
28-Jun-2025 12:49:50.786 INFO [main] org.apache.catalina.startup.HostConfig.deployDirectory Deploying web application directory [/Users/venkateswarlumarripudi/namf/apache-tomcat-10.1.28/webapps/host-manager]
28-Jun-2025 12:49:50.795 INFO [main] org.apache.jasper.servlet.TldScanner.scanJars At least one JAR was scanned for TLDs yet contained no TLDs. Enable debug logging for this logger for a complete list of JARs that were scanned but no TLDs were found in them. Skipping unneeded JARs during scanning can improve startup time and JSP compilation time.
28-Jun-2025 12:49:50.796 INFO [main] org.apache.catalina.startup.HostConfig.deployDirectory Deployment of web application directory [/Users/venkateswarlumarripudi/namf/apache-tomcat-10.1.28/webapps/host-manager] has finished in [11] ms
28-Jun-2025 12:49:50.797 INFO [main] org.apache.coyote.AbstractProtocol.start Starting ProtocolHandler ["http-nio-8080"]
28-Jun-2025 12:49:50.802 INFO [main] org.apache.catalina.startup.Catalina.start Server startup in [2116] milliseconds
2025-06-28T12:50:02.112+05:30  INFO 11882 --- [namf-communication-service] [nio-8080-exec-1] o.s.web.servlet.DispatcherServlet        : Initializing Servlet 'dispatcherServlet'
2025-06-28T12:50:02.114+05:30  INFO 11882 --- [namf-communication-service] [nio-8080-exec-1] o.s.web.servlet.DispatcherServlet        : Completed initialization in 1 ms
2025-06-28T12:50:02.184+05:30  INFO 11882 --- [namf-communication-service] [nio-8080-exec-1] c.n.c.s.c.NamfCommunicationController    : non-ue-n2-messages-transfer start:::::
java.lang.NullPointerException: Cannot invoke "java.lang.Boolean.booleanValue()" because the return value of "com.namf.communication.service.dto.N2InformationTransferReqData.getCallAmfEndPoint()" is null
	at com.namf.communication.service.service.NamfCommunicationService.nonUeMessageTransfer(NamfCommunicationService.java:34)
	at com.namf.communication.service.controller.NamfCommunicationController.nonUeTransfer(NamfCommunicationController.java:38)
	at java.base/jdk.internal.reflect.NativeMethodAccessorImpl.invoke0(Native Method)
	at java.base/jdk.internal.reflect.NativeMethodAccessorImpl.invoke(NativeMethodAccessorImpl.java:77)
	at java.base/jdk.internal.reflect.DelegatingMethodAccessorImpl.invoke(DelegatingMethodAccessorImpl.java:43)
	at java.base/java.lang.reflect.Method.invoke(Method.java:569)
	at org.springframework.web.method.support.InvocableHandlerMethod.doInvoke(InvocableHandlerMethod.java:258)
	at org.springframework.web.method.support.InvocableHandlerMethod.invokeForRequest(InvocableHandlerMethod.java:191)
	at org.springframework.web.servlet.mvc.method.annotation.ServletInvocableHandlerMethod.invokeAndHandle(ServletInvocableHandlerMethod.java:118)
	at org.springframework.web.servlet.mvc.method.annotation.RequestMappingHandlerAdapter.invokeHandlerMethod(RequestMappingHandlerAdapter.java:986)
	at org.springframework.web.servlet.mvc.method.annotation.RequestMappingHandlerAdapter.handleInternal(RequestMappingHandlerAdapter.java:891)
	at org.springframework.web.servlet.mvc.method.AbstractHandlerMethodAdapter.handle(AbstractHandlerMethodAdapter.java:87)
	at org.springframework.web.servlet.DispatcherServlet.doDispatch(DispatcherServlet.java:1089)
	at org.springframework.web.servlet.DispatcherServlet.doService(DispatcherServlet.java:979)
	at org.springframework.web.servlet.FrameworkServlet.processRequest(FrameworkServlet.java:1014)
	at org.springframework.web.servlet.FrameworkServlet.doPost(FrameworkServlet.java:914)
	at jakarta.servlet.http.HttpServlet.service(HttpServlet.java:590)
	at org.springframework.web.servlet.FrameworkServlet.service(FrameworkServlet.java:885)
	at jakarta.servlet.http.HttpServlet.service(HttpServlet.java:658)
	at org.apache.catalina.core.ApplicationFilterChain.internalDoFilter(ApplicationFilterChain.java:195)
	at org.apache.catalina.core.ApplicationFilterChain.doFilter(ApplicationFilterChain.java:140)
	at org.apache.tomcat.websocket.server.WsFilter.doFilter(WsFilter.java:51)
	at org.apache.catalina.core.ApplicationFilterChain.internalDoFilter(ApplicationFilterChain.java:164)
	at org.apache.catalina.core.ApplicationFilterChain.doFilter(ApplicationFilterChain.java:140)
	at org.springframework.web.filter.RequestContextFilter.doFilterInternal(RequestContextFilter.java:100)
	at org.springframework.web.filter.OncePerRequestFilter.doFilter(OncePerRequestFilter.java:116)
	at org.apache.catalina.core.ApplicationFilterChain.internalDoFilter(ApplicationFilterChain.java:164)
	at org.apache.catalina.core.ApplicationFilterChain.doFilter(ApplicationFilterChain.java:140)
	at org.springframework.web.filter.FormContentFilter.doFilterInternal(FormContentFilter.java:93)
	at org.springframework.web.filter.OncePerRequestFilter.doFilter(OncePerRequestFilter.java:116)
	at org.apache.catalina.core.ApplicationFilterChain.internalDoFilter(ApplicationFilterChain.java:164)
	at org.apache.catalina.core.ApplicationFilterChain.doFilter(ApplicationFilterChain.java:140)
	at org.springframework.boot.web.servlet.support.ErrorPageFilter.doFilter(ErrorPageFilter.java:124)
	at org.springframework.boot.web.servlet.support.ErrorPageFilter$1.doFilterInternal(ErrorPageFilter.java:99)
	at org.springframework.web.filter.OncePerRequestFilter.doFilter(OncePerRequestFilter.java:116)
	at org.springframework.boot.web.servlet.support.ErrorPageFilter.doFilter(ErrorPageFilter.java:117)
	at org.apache.catalina.core.ApplicationFilterChain.internalDoFilter(ApplicationFilterChain.java:164)
	at org.apache.catalina.core.ApplicationFilterChain.doFilter(ApplicationFilterChain.java:140)
	at org.springframework.web.filter.CharacterEncodingFilter.doFilterInternal(CharacterEncodingFilter.java:201)
	at org.springframework.web.filter.OncePerRequestFilter.doFilter(OncePerRequestFilter.java:116)
	at org.apache.catalina.core.ApplicationFilterChain.internalDoFilter(ApplicationFilterChain.java:164)
	at org.apache.catalina.core.ApplicationFilterChain.doFilter(ApplicationFilterChain.java:140)
	at org.apache.catalina.core.StandardWrapperValve.invoke(StandardWrapperValve.java:167)
	at org.apache.catalina.core.StandardContextValve.invoke(StandardContextValve.java:90)
	at org.apache.catalina.authenticator.AuthenticatorBase.invoke(AuthenticatorBase.java:483)
	at org.apache.catalina.core.StandardHostValve.invoke(StandardHostValve.java:115)
	at org.apache.catalina.valves.ErrorReportValve.invoke(ErrorReportValve.java:93)
	at org.apache.catalina.valves.AbstractAccessLogValve.invoke(AbstractAccessLogValve.java:663)
	at org.apache.catalina.core.StandardEngineValve.invoke(StandardEngineValve.java:74)
	at org.apache.catalina.connector.CoyoteAdapter.service(CoyoteAdapter.java:344)
	at org.apache.coyote.http11.Http11Processor.service(Http11Processor.java:384)
	at org.apache.coyote.AbstractProcessorLight.process(AbstractProcessorLight.java:63)
	at org.apache.coyote.AbstractProtocol$ConnectionHandler.process(AbstractProtocol.java:904)
	at org.apache.tomcat.util.net.NioEndpoint$SocketProcessor.doRun(NioEndpoint.java:1741)
	at org.apache.tomcat.util.net.SocketProcessorBase.run(SocketProcessorBase.java:52)
	at org.apache.tomcat.util.threads.ThreadPoolExecutor.runWorker(ThreadPoolExecutor.java:1190)
	at org.apache.tomcat.util.threads.ThreadPoolExecutor$Worker.run(ThreadPoolExecutor.java:659)
	at org.apache.tomcat.util.threads.TaskThread$WrappingRunnable.run(TaskThread.java:63)
	at java.base/java.lang.Thread.run(Thread.java:840)
2025-06-28T12:50:20.194+05:30  INFO 11882 --- [namf-communication-service] [nio-8080-exec-2] c.n.c.s.c.NamfCommunicationController    : non-ue-n2-messages-transfer start:::::
java.lang.NullPointerException: Cannot invoke "java.lang.Boolean.booleanValue()" because the return value of "com.namf.communication.service.dto.N2InformationTransferReqData.getCallAmfEndPoint()" is null
	at com.namf.communication.service.service.NamfCommunicationService.nonUeMessageTransfer(NamfCommunicationService.java:34)
	at com.namf.communication.service.controller.NamfCommunicationController.nonUeTransfer(NamfCommunicationController.java:38)
	at java.base/jdk.internal.reflect.NativeMethodAccessorImpl.invoke0(Native Method)
	at java.base/jdk.internal.reflect.NativeMethodAccessorImpl.invoke(NativeMethodAccessorImpl.java:77)
	at java.base/jdk.internal.reflect.DelegatingMethodAccessorImpl.invoke(DelegatingMethodAccessorImpl.java:43)
	at java.base/java.lang.reflect.Method.invoke(Method.java:569)
	at org.springframework.web.method.support.InvocableHandlerMethod.doInvoke(InvocableHandlerMethod.java:258)
	at org.springframework.web.method.support.InvocableHandlerMethod.invokeForRequest(InvocableHandlerMethod.java:191)
	at org.springframework.web.servlet.mvc.method.annotation.ServletInvocableHandlerMethod.invokeAndHandle(ServletInvocableHandlerMethod.java:118)
	at org.springframework.web.servlet.mvc.method.annotation.RequestMappingHandlerAdapter.invokeHandlerMethod(RequestMappingHandlerAdapter.java:986)
	at org.springframework.web.servlet.mvc.method.annotation.RequestMappingHandlerAdapter.handleInternal(RequestMappingHandlerAdapter.java:891)
	at org.springframework.web.servlet.mvc.method.AbstractHandlerMethodAdapter.handle(AbstractHandlerMethodAdapter.java:87)
	at org.springframework.web.servlet.DispatcherServlet.doDispatch(DispatcherServlet.java:1089)
	at org.springframework.web.servlet.DispatcherServlet.doService(DispatcherServlet.java:979)
	at org.springframework.web.servlet.FrameworkServlet.processRequest(FrameworkServlet.java:1014)
	at org.springframework.web.servlet.FrameworkServlet.doPost(FrameworkServlet.java:914)
	at jakarta.servlet.http.HttpServlet.service(HttpServlet.java:590)
	at org.springframework.web.servlet.FrameworkServlet.service(FrameworkServlet.java:885)
	at jakarta.servlet.http.HttpServlet.service(HttpServlet.java:658)
	at org.apache.catalina.core.ApplicationFilterChain.internalDoFilter(ApplicationFilterChain.java:195)
	at org.apache.catalina.core.ApplicationFilterChain.doFilter(ApplicationFilterChain.java:140)
	at org.apache.tomcat.websocket.server.WsFilter.doFilter(WsFilter.java:51)
	at org.apache.catalina.core.ApplicationFilterChain.internalDoFilter(ApplicationFilterChain.java:164)
	at org.apache.catalina.core.ApplicationFilterChain.doFilter(ApplicationFilterChain.java:140)
	at org.springframework.web.filter.RequestContextFilter.doFilterInternal(RequestContextFilter.java:100)
	at org.springframework.web.filter.OncePerRequestFilter.doFilter(OncePerRequestFilter.java:116)
	at org.apache.catalina.core.ApplicationFilterChain.internalDoFilter(ApplicationFilterChain.java:164)
	at org.apache.catalina.core.ApplicationFilterChain.doFilter(ApplicationFilterChain.java:140)
	at org.springframework.web.filter.FormContentFilter.doFilterInternal(FormContentFilter.java:93)
	at org.springframework.web.filter.OncePerRequestFilter.doFilter(OncePerRequestFilter.java:116)
	at org.apache.catalina.core.ApplicationFilterChain.internalDoFilter(ApplicationFilterChain.java:164)
	at org.apache.catalina.core.ApplicationFilterChain.doFilter(ApplicationFilterChain.java:140)
	at org.springframework.boot.web.servlet.support.ErrorPageFilter.doFilter(ErrorPageFilter.java:124)
	at org.springframework.boot.web.servlet.support.ErrorPageFilter$1.doFilterInternal(ErrorPageFilter.java:99)
	at org.springframework.web.filter.OncePerRequestFilter.doFilter(OncePerRequestFilter.java:116)
	at org.springframework.boot.web.servlet.support.ErrorPageFilter.doFilter(ErrorPageFilter.java:117)
	at org.apache.catalina.core.ApplicationFilterChain.internalDoFilter(ApplicationFilterChain.java:164)
	at org.apache.catalina.core.ApplicationFilterChain.doFilter(ApplicationFilterChain.java:140)
	at org.springframework.web.filter.CharacterEncodingFilter.doFilterInternal(CharacterEncodingFilter.java:201)
	at org.springframework.web.filter.OncePerRequestFilter.doFilter(OncePerRequestFilter.java:116)
	at org.apache.catalina.core.ApplicationFilterChain.internalDoFilter(ApplicationFilterChain.java:164)
	at org.apache.catalina.core.ApplicationFilterChain.doFilter(ApplicationFilterChain.java:140)
	at org.apache.catalina.core.StandardWrapperValve.invoke(StandardWrapperValve.java:167)
	at org.apache.catalina.core.StandardContextValve.invoke(StandardContextValve.java:90)
	at org.apache.catalina.authenticator.AuthenticatorBase.invoke(AuthenticatorBase.java:483)
	at org.apache.catalina.core.StandardHostValve.invoke(StandardHostValve.java:115)
	at org.apache.catalina.valves.ErrorReportValve.invoke(ErrorReportValve.java:93)
	at org.apache.catalina.valves.AbstractAccessLogValve.invoke(AbstractAccessLogValve.java:663)
	at org.apache.catalina.core.StandardEngineValve.invoke(StandardEngineValve.java:74)
	at org.apache.catalina.connector.CoyoteAdapter.service(CoyoteAdapter.java:344)
	at org.apache.coyote.http11.Http11Processor.service(Http11Processor.java:384)
	at org.apache.coyote.AbstractProcessorLight.process(AbstractProcessorLight.java:63)
	at org.apache.coyote.AbstractProtocol$ConnectionHandler.process(AbstractProtocol.java:904)
	at org.apache.tomcat.util.net.NioEndpoint$SocketProcessor.doRun(NioEndpoint.java:1741)
	at org.apache.tomcat.util.net.SocketProcessorBase.run(SocketProcessorBase.java:52)
	at org.apache.tomcat.util.threads.ThreadPoolExecutor.runWorker(ThreadPoolExecutor.java:1190)
	at org.apache.tomcat.util.threads.ThreadPoolExecutor$Worker.run(ThreadPoolExecutor.java:659)
	at org.apache.tomcat.util.threads.TaskThread$WrappingRunnable.run(TaskThread.java:63)
	at java.base/java.lang.Thread.run(Thread.java:840)
2025-06-28T12:51:57.839+05:30  INFO 11882 --- [namf-communication-service] [nio-8080-exec-3] c.n.c.s.c.NamfCommunicationController    : non-ue-n2-messages-transfer start:::::
2025-06-28T12:51:57.842+05:30  INFO 11882 --- [namf-communication-service] [nio-8080-exec-3] c.n.c.s.c.NamfCommunicationController    : non-ue-n2-messages-transfer end:::::
2025-06-28T12:53:34.654+05:30  INFO 11882 --- [namf-communication-service] [nio-8080-exec-6] c.n.c.s.c.NamfCommunicationController    : non-ue-n2-messages-transfer start:::::
java.lang.NullPointerException: Cannot invoke "java.lang.Boolean.booleanValue()" because the return value of "com.namf.communication.service.dto.N2InformationTransferReqData.getCallAmfEndPoint()" is null
	at com.namf.communication.service.service.NamfCommunicationService.nonUeMessageTransfer(NamfCommunicationService.java:34)
	at com.namf.communication.service.controller.NamfCommunicationController.nonUeTransfer(NamfCommunicationController.java:38)
	at java.base/jdk.internal.reflect.NativeMethodAccessorImpl.invoke0(Native Method)
	at java.base/jdk.internal.reflect.NativeMethodAccessorImpl.invoke(NativeMethodAccessorImpl.java:77)
	at java.base/jdk.internal.reflect.DelegatingMethodAccessorImpl.invoke(DelegatingMethodAccessorImpl.java:43)
	at java.base/java.lang.reflect.Method.invoke(Method.java:569)
	at org.springframework.web.method.support.InvocableHandlerMethod.doInvoke(InvocableHandlerMethod.java:258)
	at org.springframework.web.method.support.InvocableHandlerMethod.invokeForRequest(InvocableHandlerMethod.java:191)
	at org.springframework.web.servlet.mvc.method.annotation.ServletInvocableHandlerMethod.invokeAndHandle(ServletInvocableHandlerMethod.java:118)
	at org.springframework.web.servlet.mvc.method.annotation.RequestMappingHandlerAdapter.invokeHandlerMethod(RequestMappingHandlerAdapter.java:986)
	at org.springframework.web.servlet.mvc.method.annotation.RequestMappingHandlerAdapter.handleInternal(RequestMappingHandlerAdapter.java:891)
	at org.springframework.web.servlet.mvc.method.AbstractHandlerMethodAdapter.handle(AbstractHandlerMethodAdapter.java:87)
	at org.springframework.web.servlet.DispatcherServlet.doDispatch(DispatcherServlet.java:1089)
	at org.springframework.web.servlet.DispatcherServlet.doService(DispatcherServlet.java:979)
	at org.springframework.web.servlet.FrameworkServlet.processRequest(FrameworkServlet.java:1014)
	at org.springframework.web.servlet.FrameworkServlet.doPost(FrameworkServlet.java:914)
	at jakarta.servlet.http.HttpServlet.service(HttpServlet.java:590)
	at org.springframework.web.servlet.FrameworkServlet.service(FrameworkServlet.java:885)
	at jakarta.servlet.http.HttpServlet.service(HttpServlet.java:658)
	at org.apache.catalina.core.ApplicationFilterChain.internalDoFilter(ApplicationFilterChain.java:195)
	at org.apache.catalina.core.ApplicationFilterChain.doFilter(ApplicationFilterChain.java:140)
	at org.apache.tomcat.websocket.server.WsFilter.doFilter(WsFilter.java:51)
	at org.apache.catalina.core.ApplicationFilterChain.internalDoFilter(ApplicationFilterChain.java:164)
	at org.apache.catalina.core.ApplicationFilterChain.doFilter(ApplicationFilterChain.java:140)
	at org.springframework.web.filter.RequestContextFilter.doFilterInternal(RequestContextFilter.java:100)
	at org.springframework.web.filter.OncePerRequestFilter.doFilter(OncePerRequestFilter.java:116)
	at org.apache.catalina.core.ApplicationFilterChain.internalDoFilter(ApplicationFilterChain.java:164)
	at org.apache.catalina.core.ApplicationFilterChain.doFilter(ApplicationFilterChain.java:140)
	at org.springframework.web.filter.FormContentFilter.doFilterInternal(FormContentFilter.java:93)
	at org.springframework.web.filter.OncePerRequestFilter.doFilter(OncePerRequestFilter.java:116)
	at org.apache.catalina.core.ApplicationFilterChain.internalDoFilter(ApplicationFilterChain.java:164)
	at org.apache.catalina.core.ApplicationFilterChain.doFilter(ApplicationFilterChain.java:140)
	at org.springframework.boot.web.servlet.support.ErrorPageFilter.doFilter(ErrorPageFilter.java:124)
	at org.springframework.boot.web.servlet.support.ErrorPageFilter$1.doFilterInternal(ErrorPageFilter.java:99)
	at org.springframework.web.filter.OncePerRequestFilter.doFilter(OncePerRequestFilter.java:116)
	at org.springframework.boot.web.servlet.support.ErrorPageFilter.doFilter(ErrorPageFilter.java:117)
	at org.apache.catalina.core.ApplicationFilterChain.internalDoFilter(ApplicationFilterChain.java:164)
	at org.apache.catalina.core.ApplicationFilterChain.doFilter(ApplicationFilterChain.java:140)
	at org.springframework.web.filter.CharacterEncodingFilter.doFilterInternal(CharacterEncodingFilter.java:201)
	at org.springframework.web.filter.OncePerRequestFilter.doFilter(OncePerRequestFilter.java:116)
	at org.apache.catalina.core.ApplicationFilterChain.internalDoFilter(ApplicationFilterChain.java:164)
	at org.apache.catalina.core.ApplicationFilterChain.doFilter(ApplicationFilterChain.java:140)
	at org.apache.catalina.core.StandardWrapperValve.invoke(StandardWrapperValve.java:167)
	at org.apache.catalina.core.StandardContextValve.invoke(StandardContextValve.java:90)
	at org.apache.catalina.authenticator.AuthenticatorBase.invoke(AuthenticatorBase.java:483)
	at org.apache.catalina.core.StandardHostValve.invoke(StandardHostValve.java:115)
	at org.apache.catalina.valves.ErrorReportValve.invoke(ErrorReportValve.java:93)
	at org.apache.catalina.valves.AbstractAccessLogValve.invoke(AbstractAccessLogValve.java:663)
	at org.apache.catalina.core.StandardEngineValve.invoke(StandardEngineValve.java:74)
	at org.apache.catalina.connector.CoyoteAdapter.service(CoyoteAdapter.java:344)
	at org.apache.coyote.http11.Http11Processor.service(Http11Processor.java:384)
	at org.apache.coyote.AbstractProcessorLight.process(AbstractProcessorLight.java:63)
	at org.apache.coyote.AbstractProtocol$ConnectionHandler.process(AbstractProtocol.java:904)
	at org.apache.tomcat.util.net.NioEndpoint$SocketProcessor.doRun(NioEndpoint.java:1741)
	at org.apache.tomcat.util.net.SocketProcessorBase.run(SocketProcessorBase.java:52)
	at org.apache.tomcat.util.threads.ThreadPoolExecutor.runWorker(ThreadPoolExecutor.java:1190)
	at org.apache.tomcat.util.threads.ThreadPoolExecutor$Worker.run(ThreadPoolExecutor.java:659)
	at org.apache.tomcat.util.threads.TaskThread$WrappingRunnable.run(TaskThread.java:63)
	at java.base/java.lang.Thread.run(Thread.java:840)
2025-06-28T12:53:53.937+05:30  INFO 11882 --- [namf-communication-service] [nio-8080-exec-8] c.n.c.s.c.NamfCommunicationController    : non-ue-n2-messages-transfer start:::::
2025-06-28T12:53:53.938+05:30  INFO 11882 --- [namf-communication-service] [nio-8080-exec-8] c.n.c.s.c.NamfCommunicationController    : non-ue-n2-messages-transfer end:::::
2025-06-28T12:58:17.912+05:30  INFO 11882 --- [namf-communication-service] [io-8080-exec-10] c.n.c.s.c.NamfCommunicationController    : non-ue-n2-messages-subscriptions start:::::
2025-06-28T12:58:17.914+05:30  INFO 11882 --- [namf-communication-service] [io-8080-exec-10] c.n.c.s.c.NamfCommunicationController    : non-ue-n2-messages-transfer SubscriptionId:::::subid-1234 status::subscribed
2025-06-28T12:58:17.914+05:30  INFO 11882 --- [namf-communication-service] [io-8080-exec-10] c.n.c.s.c.NamfCommunicationController    : non-ue-n2-messages-subscriptions end:::::
2025-06-28T12:59:10.376+05:30  INFO 11882 --- [namf-communication-service] [nio-8080-exec-3] c.n.c.s.c.NamfCommunicationController    : non-ue-n2-messages-subscriptions start:::::
2025-06-28T12:59:10.377+05:30  INFO 11882 --- [namf-communication-service] [nio-8080-exec-3] c.n.c.s.c.NamfCommunicationController    : non-ue-n2-messages-transfer SubscriptionId:::::subid-1234 status::subscribed
2025-06-28T12:59:10.377+05:30  INFO 11882 --- [namf-communication-service] [nio-8080-exec-3] c.n.c.s.c.NamfCommunicationController    : non-ue-n2-messages-subscriptions end:::::
2025-06-30T14:19:59.206+05:30  INFO 11882 --- [namf-communication-service] [nio-8080-exec-5] c.n.c.s.c.NamfCommunicationController    : non-ue-n2-messages-unsubscribe start:::::
2025-06-30T14:19:59.208+05:30  INFO 11882 --- [namf-communication-service] [nio-8080-exec-5] c.n.c.s.c.NamfCommunicationController    : non-ue-n2-messages-unsubscribe SubscriptionId:::::aa status::unsubscribe
2025-06-30T14:19:59.208+05:30  INFO 11882 --- [namf-communication-service] [nio-8080-exec-5] c.n.c.s.c.NamfCommunicationController    : non-ue-n2-messages-unsubscribe end:::::
2025-06-30T14:20:14.010+05:30  INFO 11882 --- [namf-communication-service] [nio-8080-exec-6] c.n.c.s.c.NamfCommunicationController    : non-ue-n2-messages-unsubscribe start:::::
2025-06-30T14:20:14.010+05:30  INFO 11882 --- [namf-communication-service] [nio-8080-exec-6] c.n.c.s.c.NamfCommunicationController    : non-ue-n2-messages-unsubscribe SubscriptionId:::::subid-1234 status::unsubscribe
2025-06-30T14:20:14.010+05:30  INFO 11882 --- [namf-communication-service] [nio-8080-exec-6] c.n.c.s.c.NamfCommunicationController    : non-ue-n2-messages-unsubscribe end:::::
2025-06-30T14:21:43.274+05:30  INFO 11882 --- [namf-communication-service] [nio-8080-exec-9] c.n.c.s.c.NamfCommunicationController    : non-ue-n2-messages-unsubscribe start:::::
2025-06-30T14:21:43.275+05:30  INFO 11882 --- [namf-communication-service] [nio-8080-exec-9] c.n.c.s.c.NamfCommunicationController    : non-ue-n2-messages-unsubscribe SubscriptionId:::::subid-1234 status::unsubscribe
2025-06-30T14:21:43.276+05:30  INFO 11882 --- [namf-communication-service] [nio-8080-exec-9] c.n.c.s.c.NamfCommunicationController    : non-ue-n2-messages-unsubscribe end:::::
