27-Jun-2025 22:06:12.667 INFO [main] org.apache.catalina.core.ApplicationContext.log 2 Spring WebApplicationInitializers detected on classpath
27-Jun-2025 22:06:13.176 INFO [main] org.apache.catalina.core.ApplicationContext.log Initializing Spring embedded WebApplicationContext
27-Jun-2025 22:06:13.475 INFO [main] org.apache.catalina.core.ApplicationContext.log ContextListener: contextInitialized()
27-Jun-2025 22:06:13.475 INFO [main] org.apache.catalina.core.ApplicationContext.log SessionListener: contextInitialized()
27-Jun-2025 22:06:13.475 INFO [main] org.apache.catalina.core.ApplicationContext.log ContextListener: attributeAdded('StockTicker', 'async.Stockticker@52dbd3d')
27-Jun-2025 22:06:48.141 INFO [main] org.apache.catalina.core.ApplicationContext.log Closing Spring root WebApplicationContext
27-Jun-2025 22:06:48.151 INFO [main] org.apache.catalina.core.ApplicationContext.log SessionListener: contextDestroyed()
27-Jun-2025 22:06:48.151 INFO [main] org.apache.catalina.core.ApplicationContext.log ContextListener: contextDestroyed()
27-Jun-2025 22:07:26.027 INFO [main] org.apache.catalina.core.ApplicationContext.log 2 Spring WebApplicationInitializers detected on classpath
27-Jun-2025 22:07:26.528 INFO [main] org.apache.catalina.core.ApplicationContext.log Initializing Spring embedded WebApplicationContext
27-Jun-2025 22:07:26.842 INFO [main] org.apache.catalina.core.ApplicationContext.log ContextListener: contextInitialized()
27-Jun-2025 22:07:26.842 INFO [main] org.apache.catalina.core.ApplicationContext.log SessionListener: contextInitialized()
27-Jun-2025 22:07:26.843 INFO [main] org.apache.catalina.core.ApplicationContext.log ContextListener: attributeAdded('StockTicker', 'async.Stockticker@28e2d3ed')
27-Jun-2025 22:07:33.088 INFO [http-nio-8080-exec-1] org.apache.catalina.core.ApplicationContext.log Initializing Spring DispatcherServlet 'dispatcherServlet'
27-Jun-2025 22:12:40.590 INFO [main] org.apache.catalina.core.ApplicationContext.log Destroying Spring FrameworkServlet 'dispatcherServlet'
27-Jun-2025 22:12:40.590 INFO [main] org.apache.catalina.core.ApplicationContext.log Closing Spring root WebApplicationContext
27-Jun-2025 22:12:40.601 INFO [main] org.apache.catalina.core.ApplicationContext.log SessionListener: contextDestroyed()
27-Jun-2025 22:12:40.601 INFO [main] org.apache.catalina.core.ApplicationContext.log ContextListener: contextDestroyed()
27-Jun-2025 22:12:42.802 INFO [main] org.apache.catalina.core.ApplicationContext.log 2 Spring WebApplicationInitializers detected on classpath
27-Jun-2025 22:12:43.335 INFO [main] org.apache.catalina.core.ApplicationContext.log Initializing Spring embedded WebApplicationContext
27-Jun-2025 22:12:43.643 INFO [main] org.apache.catalina.core.ApplicationContext.log ContextListener: contextInitialized()
27-Jun-2025 22:12:43.643 INFO [main] org.apache.catalina.core.ApplicationContext.log SessionListener: contextInitialized()
27-Jun-2025 22:12:43.644 INFO [main] org.apache.catalina.core.ApplicationContext.log ContextListener: attributeAdded('StockTicker', 'async.Stockticker@4c1d2a13')
27-Jun-2025 22:13:05.061 INFO [http-nio-8080-exec-4] org.apache.catalina.core.ApplicationContext.log Initializing Spring DispatcherServlet 'dispatcherServlet'
27-Jun-2025 22:13:22.475 INFO [http-nio-8080-exec-8] org.apache.catalina.core.ApplicationContext.log Destroying Spring FrameworkServlet 'dispatcherServlet'
27-Jun-2025 22:13:22.477 INFO [http-nio-8080-exec-8] org.apache.catalina.core.ApplicationContext.log Closing Spring root WebApplicationContext
27-Jun-2025 22:13:22.879 INFO [http-nio-8080-exec-8] org.apache.catalina.core.ApplicationContext.log 2 Spring WebApplicationInitializers detected on classpath
27-Jun-2025 22:13:23.271 INFO [http-nio-8080-exec-8] org.apache.catalina.core.ApplicationContext.log Initializing Spring embedded WebApplicationContext
27-Jun-2025 22:13:28.374 INFO [http-nio-8080-exec-5] org.apache.catalina.core.ApplicationContext.log Initializing Spring DispatcherServlet 'dispatcherServlet'
27-Jun-2025 22:28:25.396 INFO [main] org.apache.catalina.core.ApplicationContext.log Destroying Spring FrameworkServlet 'dispatcherServlet'
27-Jun-2025 22:28:25.397 INFO [main] org.apache.catalina.core.ApplicationContext.log Closing Spring root WebApplicationContext
27-Jun-2025 22:28:25.407 INFO [main] org.apache.catalina.core.ApplicationContext.log SessionListener: contextDestroyed()
27-Jun-2025 22:28:25.407 INFO [main] org.apache.catalina.core.ApplicationContext.log ContextListener: contextDestroyed()
27-Jun-2025 22:29:06.460 INFO [main] org.apache.catalina.core.ApplicationContext.log 2 Spring WebApplicationInitializers detected on classpath
27-Jun-2025 22:29:06.987 INFO [main] org.apache.catalina.core.ApplicationContext.log Initializing Spring embedded WebApplicationContext
27-Jun-2025 22:29:07.300 INFO [main] org.apache.catalina.core.ApplicationContext.log ContextListener: contextInitialized()
27-Jun-2025 22:29:07.300 INFO [main] org.apache.catalina.core.ApplicationContext.log SessionListener: contextInitialized()
27-Jun-2025 22:29:07.301 INFO [main] org.apache.catalina.core.ApplicationContext.log ContextListener: attributeAdded('StockTicker', 'async.Stockticker@3e9f3d0f')
27-Jun-2025 22:35:39.213 INFO [main] org.apache.catalina.core.ApplicationContext.log Closing Spring root WebApplicationContext
27-Jun-2025 22:35:39.225 INFO [main] org.apache.catalina.core.ApplicationContext.log SessionListener: contextDestroyed()
27-Jun-2025 22:35:39.225 INFO [main] org.apache.catalina.core.ApplicationContext.log ContextListener: contextDestroyed()
27-Jun-2025 22:38:33.574 INFO [main] org.apache.catalina.core.ApplicationContext.log 2 Spring WebApplicationInitializers detected on classpath
27-Jun-2025 22:38:34.060 INFO [main] org.apache.catalina.core.ApplicationContext.log Initializing Spring embedded WebApplicationContext
27-Jun-2025 22:38:34.368 INFO [main] org.apache.catalina.core.ApplicationContext.log ContextListener: contextInitialized()
27-Jun-2025 22:38:34.368 INFO [main] org.apache.catalina.core.ApplicationContext.log SessionListener: contextInitialized()
27-Jun-2025 22:38:34.368 INFO [main] org.apache.catalina.core.ApplicationContext.log ContextListener: attributeAdded('StockTicker', 'async.Stockticker@2dad6fc9')
27-Jun-2025 22:38:38.089 INFO [http-nio-8080-exec-2] org.apache.catalina.core.ApplicationContext.log Initializing Spring DispatcherServlet 'dispatcherServlet'
27-Jun-2025 22:51:03.988 INFO [main] org.apache.catalina.core.ApplicationContext.log Destroying Spring FrameworkServlet 'dispatcherServlet'
27-Jun-2025 22:51:03.989 INFO [main] org.apache.catalina.core.ApplicationContext.log Closing Spring root WebApplicationContext
27-Jun-2025 22:51:04.000 INFO [main] org.apache.catalina.core.ApplicationContext.log SessionListener: contextDestroyed()
27-Jun-2025 22:51:04.000 INFO [main] org.apache.catalina.core.ApplicationContext.log ContextListener: contextDestroyed()
27-Jun-2025 22:57:52.369 INFO [main] org.apache.catalina.core.ApplicationContext.log 2 Spring WebApplicationInitializers detected on classpath
27-Jun-2025 22:57:52.945 INFO [main] org.apache.catalina.core.ApplicationContext.log Initializing Spring embedded WebApplicationContext
27-Jun-2025 22:57:53.280 INFO [main] org.apache.catalina.core.ApplicationContext.log ContextListener: contextInitialized()
27-Jun-2025 22:57:53.280 INFO [main] org.apache.catalina.core.ApplicationContext.log SessionListener: contextInitialized()
27-Jun-2025 22:57:53.280 INFO [main] org.apache.catalina.core.ApplicationContext.log ContextListener: attributeAdded('StockTicker', 'async.Stockticker@5eace68f')
27-Jun-2025 22:57:57.174 INFO [http-nio-8080-exec-1] org.apache.catalina.core.ApplicationContext.log Initializing Spring DispatcherServlet 'dispatcherServlet'
27-Jun-2025 23:02:43.273 INFO [main] org.apache.catalina.core.ApplicationContext.log Destroying Spring FrameworkServlet 'dispatcherServlet'
27-Jun-2025 23:02:43.274 INFO [main] org.apache.catalina.core.ApplicationContext.log Closing Spring root WebApplicationContext
27-Jun-2025 23:02:43.284 INFO [main] org.apache.catalina.core.ApplicationContext.log SessionListener: contextDestroyed()
27-Jun-2025 23:02:43.284 INFO [main] org.apache.catalina.core.ApplicationContext.log ContextListener: contextDestroyed()
27-Jun-2025 23:04:13.389 INFO [main] org.apache.catalina.core.ApplicationContext.log 2 Spring WebApplicationInitializers detected on classpath
27-Jun-2025 23:04:13.928 INFO [main] org.apache.catalina.core.ApplicationContext.log Initializing Spring embedded WebApplicationContext
27-Jun-2025 23:04:14.271 INFO [main] org.apache.catalina.core.ApplicationContext.log ContextListener: contextInitialized()
27-Jun-2025 23:04:14.271 INFO [main] org.apache.catalina.core.ApplicationContext.log SessionListener: contextInitialized()
27-Jun-2025 23:04:14.272 INFO [main] org.apache.catalina.core.ApplicationContext.log ContextListener: attributeAdded('StockTicker', 'async.Stockticker@5225f612')
27-Jun-2025 23:04:16.852 INFO [http-nio-8080-exec-1] org.apache.catalina.core.ApplicationContext.log Initializing Spring DispatcherServlet 'dispatcherServlet'
